#! /c/Source/iverilog-install/bin/vvp
:ivl_version "12.0 (devel)" "(s20150603-1539-g2693dd32b)";
:ivl_delay_selection "TYPICAL";
:vpi_time_precision + 0;
:vpi_module "C:\iverilog\lib\ivl\system.vpi";
:vpi_module "C:\iverilog\lib\ivl\vhdl_sys.vpi";
:vpi_module "C:\iverilog\lib\ivl\vhdl_textio.vpi";
:vpi_module "C:\iverilog\lib\ivl\v2005_math.vpi";
:vpi_module "C:\iverilog\lib\ivl\va_math.vpi";
S_000001c1791d3cf0 .scope module, "Addition_Subtraction" "Addition_Subtraction" 2 7;
 .timescale 0 0;
    .port_info 0 /INPUT 32 "a";
    .port_info 1 /INPUT 32 "b";
    .port_info 2 /INPUT 1 "AddBar_Sub";
    .port_info 3 /OUTPUT 1 "Exception";
    .port_info 4 /OUTPUT 32 "result";
L_000001c1791f06f0 .functor OR 1, L_000001c17924f110, L_000001c17924ff70, C4<0>, C4<0>;
L_000001c1791f0290 .functor XOR 1, L_000001c179250bf0, L_000001c179250ab0, C4<0>, C4<0>;
L_000001c1791efce0 .functor XOR 1, L_000001c17924fd90, L_000001c1792503d0, C4<0>, C4<0>;
L_000001c1791f0450 .functor NOT 1, L_000001c1791efce0, C4<0>, C4<0>, C4<0>;
L_000001c1791f00d0 .functor AND 1, L_000001c179250470, L_000001c17924f430, C4<1>, C4<1>;
L_000001c1791f0300 .functor AND 1, L_000001c179250470, L_000001c1792625a0, C4<1>, C4<1>;
L_000001c1791f01b0 .functor NOT 24, L_000001c17924fed0, C4<000000000000000000000000>, C4<000000000000000000000000>, C4<000000000000000000000000>;
L_000001c1791f04c0 .functor BUFZ 8, L_000001c179262140, C4<00000000>, C4<00000000>, C4<00000000>;
o000001c1791f4288 .functor BUFZ 1, C4<z>; HiZ drive
v000001c1791e46f0_0 .net "AddBar_Sub", 0 0, o000001c1791f4288;  0 drivers
v000001c1791e40b0_0 .net "Comp_enable", 0 0, L_000001c17924cda0;  1 drivers
v000001c1791e4c90_0 .net "Exception", 0 0, L_000001c1791f06f0;  1 drivers
L_000001c179280088 .functor BUFT 1, C4<1>, C4<0>, C4<0>, C4<0>;
v000001c1791e4150_0 .net/2u *"_ivl_10", 0 0, L_000001c179280088;  1 drivers
v000001c1791e4290_0 .net *"_ivl_103", 7 0, L_000001c17924fe30;  1 drivers
v000001c1791e45b0_0 .net *"_ivl_105", 7 0, L_000001c17924f750;  1 drivers
v000001c1791e4510_0 .net *"_ivl_111", 7 0, L_000001c17924f890;  1 drivers
v000001c1791e4790_0 .net *"_ivl_115", 7 0, L_000001c17924f930;  1 drivers
v000001c1791e4830_0 .net *"_ivl_118", 0 0, L_000001c1791f00d0;  1 drivers
v000001c1791e48d0_0 .net *"_ivl_12", 64 0, L_000001c179250790;  1 drivers
v000001c17924bdd0_0 .net *"_ivl_120", 24 0, L_000001c179250510;  1 drivers
L_000001c179280238 .functor BUFT 1, C4<0>, C4<0>, C4<0>, C4<0>;
v000001c17924bab0_0 .net *"_ivl_123", 0 0, L_000001c179280238;  1 drivers
v000001c17924aed0_0 .net *"_ivl_124", 24 0, L_000001c179250b50;  1 drivers
L_000001c179280280 .functor BUFT 1, C4<0>, C4<0>, C4<0>, C4<0>;
v000001c17924b470_0 .net *"_ivl_127", 0 0, L_000001c179280280;  1 drivers
v000001c17924bbf0_0 .net *"_ivl_128", 24 0, L_000001c179250650;  1 drivers
L_000001c1792802c8 .functor BUFT 1, C4<0000000000000000000000000>, C4<0>, C4<0>, C4<0>;
v000001c17924abb0_0 .net/2u *"_ivl_130", 24 0, L_000001c1792802c8;  1 drivers
v000001c17924b790_0 .net *"_ivl_137", 0 0, L_000001c179263040;  1 drivers
v000001c17924b0b0_0 .net *"_ivl_139", 22 0, L_000001c179263400;  1 drivers
L_000001c1792800d0 .functor BUFT 1, C4<0>, C4<0>, C4<0>, C4<0>;
v000001c17924bb50_0 .net/2u *"_ivl_14", 0 0, L_000001c1792800d0;  1 drivers
v000001c17924b1f0_0 .net *"_ivl_141", 22 0, L_000001c179262c80;  1 drivers
v000001c17924ba10_0 .net *"_ivl_142", 22 0, L_000001c179262960;  1 drivers
v000001c17924be70_0 .net *"_ivl_148", 0 0, L_000001c1792634a0;  1 drivers
L_000001c179280310 .functor BUFT 1, C4<00000001>, C4<0>, C4<0>, C4<0>;
v000001c17924b330_0 .net/2u *"_ivl_149", 7 0, L_000001c179280310;  1 drivers
v000001c17924b970_0 .net *"_ivl_152", 7 0, L_000001c1792637c0;  1 drivers
v000001c17924b150_0 .net *"_ivl_153", 7 0, L_000001c179262dc0;  1 drivers
v000001c17924b290_0 .net *"_ivl_156", 7 0, L_000001c1792620a0;  1 drivers
v000001c17924a390_0 .net *"_ivl_157", 7 0, L_000001c179262000;  1 drivers
v000001c17924bc90_0 .net *"_ivl_16", 64 0, L_000001c179250830;  1 drivers
v000001c17924b510_0 .net *"_ivl_160", 0 0, L_000001c1792625a0;  1 drivers
v000001c17924bf10_0 .net *"_ivl_161", 0 0, L_000001c1791f0300;  1 drivers
v000001c17924b830_0 .net *"_ivl_163", 23 0, L_000001c1791f01b0;  1 drivers
L_000001c179280358 .functor BUFT 1, C4<000000000000000000000001>, C4<0>, C4<0>, C4<0>;
v000001c17924a4d0_0 .net/2u *"_ivl_165", 23 0, L_000001c179280358;  1 drivers
v000001c17924bd30_0 .net *"_ivl_167", 23 0, L_000001c1792639a0;  1 drivers
L_000001c1792803a0 .functor BUFT 1, C4<000000000000000000000000>, C4<0>, C4<0>, C4<0>;
v000001c17924ad90_0 .net/2u *"_ivl_169", 23 0, L_000001c1792803a0;  1 drivers
v000001c17924a070_0 .net *"_ivl_173", 24 0, L_000001c1792621e0;  1 drivers
L_000001c1792803e8 .functor BUFT 1, C4<0>, C4<0>, C4<0>, C4<0>;
v000001c17924b3d0_0 .net *"_ivl_176", 0 0, L_000001c1792803e8;  1 drivers
v000001c17924a930_0 .net *"_ivl_177", 24 0, L_000001c179263220;  1 drivers
v000001c17924a110_0 .net *"_ivl_18", 64 0, L_000001c17924fc50;  1 drivers
L_000001c179280430 .functor BUFT 1, C4<0>, C4<0>, C4<0>, C4<0>;
v000001c17924a1b0_0 .net *"_ivl_180", 0 0, L_000001c179280430;  1 drivers
v000001c17924b5b0_0 .net *"_ivl_181", 24 0, L_000001c179263900;  1 drivers
L_000001c179280478 .functor BUFT 1, C4<0000000000000000000000000>, C4<0>, C4<0>, C4<0>;
v000001c17924b650_0 .net/2u *"_ivl_183", 24 0, L_000001c179280478;  1 drivers
v000001c17924af70_0 .net *"_ivl_192", 7 0, L_000001c1791f04c0;  1 drivers
v000001c17924a250_0 .net *"_ivl_197", 22 0, L_000001c179262d20;  1 drivers
L_000001c179280508 .functor BUFT 1, C4<00000000000000000000000000000000>, C4<0>, C4<0>, C4<0>;
v000001c17924a2f0_0 .net/2u *"_ivl_198", 31 0, L_000001c179280508;  1 drivers
v000001c17924a430_0 .net *"_ivl_201", 0 0, L_000001c1792632c0;  1 drivers
v000001c17924a570_0 .net *"_ivl_202", 31 0, L_000001c179262640;  1 drivers
v000001c17924ac50_0 .net *"_ivl_204", 31 0, L_000001c179262280;  1 drivers
v000001c17924a610_0 .net *"_ivl_206", 31 0, L_000001c179263a40;  1 drivers
v000001c17924b8d0_0 .net *"_ivl_21", 7 0, L_000001c179250e70;  1 drivers
v000001c17924acf0_0 .net *"_ivl_25", 7 0, L_000001c17924f9d0;  1 drivers
v000001c17924a6b0_0 .net *"_ivl_29", 7 0, L_000001c1792506f0;  1 drivers
v000001c17924a9d0_0 .net *"_ivl_31", 0 0, L_000001c17924f110;  1 drivers
v000001c17924a750_0 .net *"_ivl_33", 7 0, L_000001c17924fb10;  1 drivers
v000001c17924a7f0_0 .net *"_ivl_35", 0 0, L_000001c17924ff70;  1 drivers
v000001c17924a890_0 .net *"_ivl_39", 0 0, L_000001c179250290;  1 drivers
v000001c17924aa70_0 .net *"_ivl_41", 0 0, L_000001c17924f070;  1 drivers
v000001c17924b6f0_0 .net *"_ivl_43", 0 0, L_000001c179250c90;  1 drivers
v000001c17924ab10_0 .net *"_ivl_44", 0 0, L_000001c179250330;  1 drivers
v000001c17924ae30_0 .net *"_ivl_47", 0 0, L_000001c1792505b0;  1 drivers
v000001c17924b010_0 .net *"_ivl_5", 30 0, L_000001c179250150;  1 drivers
v000001c17924d5c0_0 .net *"_ivl_51", 0 0, L_000001c179250bf0;  1 drivers
v000001c17924d980_0 .net *"_ivl_53", 0 0, L_000001c179250ab0;  1 drivers
v000001c17924cee0_0 .net *"_ivl_54", 0 0, L_000001c1791f0290;  1 drivers
v000001c17924e1a0_0 .net *"_ivl_57", 0 0, L_000001c17924fd90;  1 drivers
v000001c17924c760_0 .net *"_ivl_59", 0 0, L_000001c1792503d0;  1 drivers
v000001c17924de80_0 .net *"_ivl_60", 0 0, L_000001c1791efce0;  1 drivers
v000001c17924d3e0_0 .net *"_ivl_62", 0 0, L_000001c1791f0450;  1 drivers
v000001c17924d7a0_0 .net *"_ivl_67", 7 0, L_000001c17924f1b0;  1 drivers
v000001c17924e100_0 .net *"_ivl_69", 0 0, L_000001c17924f2f0;  1 drivers
v000001c17924cd00_0 .net *"_ivl_7", 30 0, L_000001c17924efd0;  1 drivers
L_000001c179280118 .functor BUFT 1, C4<1>, C4<0>, C4<0>, C4<0>;
v000001c17924dde0_0 .net/2u *"_ivl_70", 0 0, L_000001c179280118;  1 drivers
v000001c17924c940_0 .net *"_ivl_73", 22 0, L_000001c17924f390;  1 drivers
v000001c17924dac0_0 .net *"_ivl_74", 23 0, L_000001c1792508d0;  1 drivers
L_000001c179280160 .functor BUFT 1, C4<0>, C4<0>, C4<0>, C4<0>;
v000001c17924ca80_0 .net/2u *"_ivl_76", 0 0, L_000001c179280160;  1 drivers
v000001c17924c3a0_0 .net *"_ivl_79", 22 0, L_000001c179250970;  1 drivers
v000001c17924d480_0 .net *"_ivl_8", 0 0, L_000001c1792500b0;  1 drivers
v000001c17924d700_0 .net *"_ivl_80", 23 0, L_000001c179250d30;  1 drivers
v000001c17924dca0_0 .net *"_ivl_85", 7 0, L_000001c17924fbb0;  1 drivers
v000001c17924db60_0 .net *"_ivl_87", 0 0, L_000001c17924f4d0;  1 drivers
L_000001c1792801a8 .functor BUFT 1, C4<1>, C4<0>, C4<0>, C4<0>;
v000001c17924cb20_0 .net/2u *"_ivl_88", 0 0, L_000001c1792801a8;  1 drivers
v000001c17924df20_0 .net *"_ivl_91", 22 0, L_000001c17924fcf0;  1 drivers
v000001c17924d2a0_0 .net *"_ivl_92", 23 0, L_000001c179250dd0;  1 drivers
L_000001c1792801f0 .functor BUFT 1, C4<0>, C4<0>, C4<0>, C4<0>;
v000001c17924d200_0 .net/2u *"_ivl_94", 0 0, L_000001c1792801f0;  1 drivers
v000001c17924d340_0 .net *"_ivl_97", 22 0, L_000001c17924f610;  1 drivers
v000001c17924c440_0 .net *"_ivl_98", 23 0, L_000001c17924f6b0;  1 drivers
o000001c1791f5278 .functor BUFZ 32, C4<zzzzzzzzzzzzzzzzzzzzzzzzzzzzzzzz>; HiZ drive
v000001c17924c4e0_0 .net "a", 31 0, o000001c1791f5278;  0 drivers
v000001c17924c9e0_0 .net "add_sum", 30 0, L_000001c179262b40;  1 drivers
o000001c1791f52d8 .functor BUFZ 32, C4<zzzzzzzzzzzzzzzzzzzzzzzzzzzzzzzz>; HiZ drive
v000001c17924d660_0 .net "b", 31 0, o000001c1791f52d8;  0 drivers
v000001c17924cbc0_0 .net "exp_a", 0 0, L_000001c1792501f0;  1 drivers
v000001c17924d840_0 .net "exp_b", 0 0, L_000001c17924f250;  1 drivers
v000001c17924d020_0 .net "exponent_b_add_sub", 7 0, L_000001c179250010;  1 drivers
v000001c17924dc00_0 .net "exponent_diff", 7 0, L_000001c17924f7f0;  1 drivers
v000001c17924da20_0 .net "exponent_sub", 7 0, L_000001c179262140;  1 drivers
v000001c17924dd40_0 .net "operand_a", 31 0, L_000001c17924ce40;  1 drivers
v000001c17924dfc0_0 .net "operand_b", 31 0, L_000001c17924cf80;  1 drivers
v000001c17924e240_0 .net "operation_sub_addBar", 0 0, L_000001c17924f430;  1 drivers
v000001c17924e060_0 .net "output_sign", 0 0, L_000001c17924f570;  1 drivers
v000001c17924d8e0_0 .net "perform", 0 0, L_000001c179250470;  1 drivers
v000001c17924d0c0_0 .net "result", 31 0, L_000001c179262820;  1 drivers
v000001c17924d160_0 .net "significand_a", 23 0, L_000001c17924fa70;  1 drivers
v000001c17924d520_0 .net "significand_add", 24 0, L_000001c179262320;  1 drivers
v000001c17924c800_0 .net "significand_b", 23 0, L_000001c179250a10;  1 drivers
v000001c17924c580_0 .net "significand_b_add_sub", 23 0, L_000001c17924fed0;  1 drivers
v000001c17924c620_0 .net "significand_sub", 24 0, L_000001c179263180;  1 drivers
v000001c17924c6c0_0 .net "significand_sub_complement", 23 0, L_000001c179262be0;  1 drivers
v000001c17924c8a0_0 .net "sub_diff", 30 0, L_000001c179263b80;  1 drivers
v000001c17924cc60_0 .net "subtraction_diff", 24 0, v000001c1791e3250_0;  1 drivers
L_000001c17924cda0 .part L_000001c17924fc50, 64, 1;
L_000001c17924ce40 .part L_000001c17924fc50, 32, 32;
L_000001c17924cf80 .part L_000001c17924fc50, 0, 32;
L_000001c179250150 .part o000001c1791f5278, 0, 31;
L_000001c17924efd0 .part o000001c1791f52d8, 0, 31;
L_000001c1792500b0 .cmp/gt 31, L_000001c17924efd0, L_000001c179250150;
L_000001c179250790 .concat [ 32 32 1 0], o000001c1791f5278, o000001c1791f52d8, L_000001c179280088;
L_000001c179250830 .concat [ 32 32 1 0], o000001c1791f52d8, o000001c1791f5278, L_000001c1792800d0;
L_000001c17924fc50 .functor MUXZ 65, L_000001c179250830, L_000001c179250790, L_000001c1792500b0, C4<>;
L_000001c179250e70 .part L_000001c17924ce40, 23, 8;
L_000001c1792501f0 .part L_000001c179250e70, 0, 1;
L_000001c17924f9d0 .part L_000001c17924cf80, 23, 8;
L_000001c17924f250 .part L_000001c17924f9d0, 0, 1;
L_000001c1792506f0 .part L_000001c17924ce40, 23, 8;
L_000001c17924f110 .reduce/and L_000001c1792506f0;
L_000001c17924fb10 .part L_000001c17924cf80, 23, 8;
L_000001c17924ff70 .reduce/and L_000001c17924fb10;
L_000001c179250290 .part L_000001c17924ce40, 31, 1;
L_000001c17924f070 .reduce/nor L_000001c179250290;
L_000001c179250c90 .part L_000001c17924ce40, 31, 1;
L_000001c179250330 .functor MUXZ 1, L_000001c179250c90, L_000001c17924f070, L_000001c17924cda0, C4<>;
L_000001c1792505b0 .part L_000001c17924ce40, 31, 1;
L_000001c17924f570 .functor MUXZ 1, L_000001c1792505b0, L_000001c179250330, o000001c1791f4288, C4<>;
L_000001c179250bf0 .part L_000001c17924ce40, 31, 1;
L_000001c179250ab0 .part L_000001c17924cf80, 31, 1;
L_000001c17924fd90 .part L_000001c17924ce40, 31, 1;
L_000001c1792503d0 .part L_000001c17924cf80, 31, 1;
L_000001c17924f430 .functor MUXZ 1, L_000001c1791f0450, L_000001c1791f0290, o000001c1791f4288, C4<>;
L_000001c17924f1b0 .part L_000001c17924ce40, 23, 8;
L_000001c17924f2f0 .reduce/or L_000001c17924f1b0;
L_000001c17924f390 .part L_000001c17924ce40, 0, 23;
L_000001c1792508d0 .concat [ 23 1 0 0], L_000001c17924f390, L_000001c179280118;
L_000001c179250970 .part L_000001c17924ce40, 0, 23;
L_000001c179250d30 .concat [ 23 1 0 0], L_000001c179250970, L_000001c179280160;
L_000001c17924fa70 .functor MUXZ 24, L_000001c179250d30, L_000001c1792508d0, L_000001c17924f2f0, C4<>;
L_000001c17924fbb0 .part L_000001c17924cf80, 23, 8;
L_000001c17924f4d0 .reduce/or L_000001c17924fbb0;
L_000001c17924fcf0 .part L_000001c17924cf80, 0, 23;
L_000001c179250dd0 .concat [ 23 1 0 0], L_000001c17924fcf0, L_000001c1792801a8;
L_000001c17924f610 .part L_000001c17924cf80, 0, 23;
L_000001c17924f6b0 .concat [ 23 1 0 0], L_000001c17924f610, L_000001c1792801f0;
L_000001c179250a10 .functor MUXZ 24, L_000001c17924f6b0, L_000001c179250dd0, L_000001c17924f4d0, C4<>;
L_000001c17924fe30 .part L_000001c17924ce40, 23, 8;
L_000001c17924f750 .part L_000001c17924cf80, 23, 8;
L_000001c17924f7f0 .arith/sub 8, L_000001c17924fe30, L_000001c17924f750;
L_000001c17924fed0 .shift/r 24, L_000001c179250a10, L_000001c17924f7f0;
L_000001c17924f890 .part L_000001c17924cf80, 23, 8;
L_000001c179250010 .arith/sum 8, L_000001c17924f890, L_000001c17924f7f0;
L_000001c17924f930 .part L_000001c17924ce40, 23, 8;
L_000001c179250470 .cmp/eq 8, L_000001c17924f930, L_000001c179250010;
L_000001c179250510 .concat [ 24 1 0 0], L_000001c17924fa70, L_000001c179280238;
L_000001c179250b50 .concat [ 24 1 0 0], L_000001c17924fed0, L_000001c179280280;
L_000001c179250650 .arith/sum 25, L_000001c179250510, L_000001c179250b50;
L_000001c179262320 .functor MUXZ 25, L_000001c1792802c8, L_000001c179250650, L_000001c1791f00d0, C4<>;
L_000001c179263040 .part L_000001c179262320, 24, 1;
L_000001c179263400 .part L_000001c179262320, 1, 23;
L_000001c179262c80 .part L_000001c179262320, 0, 23;
L_000001c179262960 .functor MUXZ 23, L_000001c179262c80, L_000001c179263400, L_000001c179263040, C4<>;
L_000001c179262b40 .concat8 [ 23 8 0 0], L_000001c179262960, L_000001c179262000;
L_000001c1792634a0 .part L_000001c179262320, 24, 1;
L_000001c1792637c0 .part L_000001c17924ce40, 23, 8;
L_000001c179262dc0 .arith/sum 8, L_000001c179280310, L_000001c1792637c0;
L_000001c1792620a0 .part L_000001c17924ce40, 23, 8;
L_000001c179262000 .functor MUXZ 8, L_000001c1792620a0, L_000001c179262dc0, L_000001c1792634a0, C4<>;
L_000001c1792625a0 .reduce/nor L_000001c17924f430;
L_000001c1792639a0 .arith/sum 24, L_000001c1791f01b0, L_000001c179280358;
L_000001c179262be0 .functor MUXZ 24, L_000001c1792803a0, L_000001c1792639a0, L_000001c1791f0300, C4<>;
L_000001c1792621e0 .concat [ 24 1 0 0], L_000001c17924fa70, L_000001c1792803e8;
L_000001c179263220 .concat [ 24 1 0 0], L_000001c179262be0, L_000001c179280430;
L_000001c179263900 .arith/sum 25, L_000001c1792621e0, L_000001c179263220;
L_000001c179263180 .functor MUXZ 25, L_000001c179280478, L_000001c179263900, L_000001c179250470, C4<>;
L_000001c179263680 .part L_000001c17924ce40, 23, 8;
L_000001c179263b80 .concat8 [ 23 8 0 0], L_000001c179262d20, L_000001c1791f04c0;
L_000001c179262d20 .part v000001c1791e3250_0, 0, 23;
L_000001c1792632c0 .reduce/nor L_000001c17924f430;
L_000001c179262640 .concat [ 31 1 0 0], L_000001c179263b80, L_000001c17924f570;
L_000001c179262280 .concat [ 31 1 0 0], L_000001c179262b40, L_000001c17924f570;
L_000001c179263a40 .functor MUXZ 32, L_000001c179262280, L_000001c179262640, L_000001c1792632c0, C4<>;
L_000001c179262820 .functor MUXZ 32, L_000001c179263a40, L_000001c179280508, L_000001c1791f06f0, C4<>;
S_000001c1791d3e80 .scope module, "pe" "priority_encoder" 2 90, 3 6 0, S_000001c1791d3cf0;
 .timescale 0 0;
    .port_info 0 /INPUT 25 "significand";
    .port_info 1 /INPUT 8 "Exponent_a";
    .port_info 2 /OUTPUT 25 "Significand";
    .port_info 3 /OUTPUT 8 "Exponent_sub";
v000001c1791e4650_0 .net "Exponent_a", 7 0, L_000001c179263680;  1 drivers
v000001c1791e3570_0 .net "Exponent_sub", 7 0, L_000001c179262140;  alias, 1 drivers
v000001c1791e3250_0 .var "Significand", 24 0;
v000001c1791e3610_0 .net *"_ivl_0", 7 0, L_000001c179262460;  1 drivers
L_000001c1792804c0 .functor BUFT 1, C4<000>, C4<0>, C4<0>, C4<0>;
v000001c1791e3d90_0 .net *"_ivl_3", 2 0, L_000001c1792804c0;  1 drivers
v000001c1791e4b50_0 .var "shift", 4 0;
v000001c1791e3f70_0 .net "significand", 24 0, L_000001c179263180;  alias, 1 drivers
E_000001c1791edca0 .event anyedge, v000001c1791e3f70_0;
L_000001c179262460 .concat [ 5 3 0 0], v000001c1791e4b50_0, L_000001c1792804c0;
L_000001c179262140 .arith/sub 8, L_000001c179263680, L_000001c179262460;
    .scope S_000001c1791d3e80;
T_0 ;
    %wait E_000001c1791edca0;
    %load/vec4 v000001c1791e3f70_0;
    %dup/vec4;
    %pushi/vec4 33554431, 8388607, 25;
    %cmp/x;
    %jmp/1 T_0.0, 4;
    %dup/vec4;
    %pushi/vec4 25165823, 4194303, 25;
    %cmp/x;
    %jmp/1 T_0.1, 4;
    %dup/vec4;
    %pushi/vec4 20971519, 2097151, 25;
    %cmp/x;
    %jmp/1 T_0.2, 4;
    %dup/vec4;
    %pushi/vec4 18874367, 1048575, 25;
    %cmp/x;
    %jmp/1 T_0.3, 4;
    %dup/vec4;
    %pushi/vec4 17825791, 524287, 25;
    %cmp/x;
    %jmp/1 T_0.4, 4;
    %dup/vec4;
    %pushi/vec4 17301503, 262143, 25;
    %cmp/x;
    %jmp/1 T_0.5, 4;
    %dup/vec4;
    %pushi/vec4 17039359, 131071, 25;
    %cmp/x;
    %jmp/1 T_0.6, 4;
    %dup/vec4;
    %pushi/vec4 16908287, 65535, 25;
    %cmp/x;
    %jmp/1 T_0.7, 4;
    %dup/vec4;
    %pushi/vec4 16842751, 32767, 25;
    %cmp/x;
    %jmp/1 T_0.8, 4;
    %dup/vec4;
    %pushi/vec4 16809983, 16383, 25;
    %cmp/x;
    %jmp/1 T_0.9, 4;
    %dup/vec4;
    %pushi/vec4 16793599, 8191, 25;
    %cmp/x;
    %jmp/1 T_0.10, 4;
    %dup/vec4;
    %pushi/vec4 16785407, 4095, 25;
    %cmp/x;
    %jmp/1 T_0.11, 4;
    %dup/vec4;
    %pushi/vec4 16781311, 2047, 25;
    %cmp/x;
    %jmp/1 T_0.12, 4;
    %dup/vec4;
    %pushi/vec4 16779263, 1023, 25;
    %cmp/x;
    %jmp/1 T_0.13, 4;
    %dup/vec4;
    %pushi/vec4 16778239, 511, 25;
    %cmp/x;
    %jmp/1 T_0.14, 4;
    %dup/vec4;
    %pushi/vec4 16777727, 255, 25;
    %cmp/x;
    %jmp/1 T_0.15, 4;
    %dup/vec4;
    %pushi/vec4 16777471, 127, 25;
    %cmp/x;
    %jmp/1 T_0.16, 4;
    %dup/vec4;
    %pushi/vec4 16777343, 63, 25;
    %cmp/x;
    %jmp/1 T_0.17, 4;
    %dup/vec4;
    %pushi/vec4 16777279, 31, 25;
    %cmp/x;
    %jmp/1 T_0.18, 4;
    %dup/vec4;
    %pushi/vec4 16777247, 15, 25;
    %cmp/x;
    %jmp/1 T_0.19, 4;
    %dup/vec4;
    %pushi/vec4 16777231, 7, 25;
    %cmp/x;
    %jmp/1 T_0.20, 4;
    %dup/vec4;
    %pushi/vec4 16777223, 3, 25;
    %cmp/x;
    %jmp/1 T_0.21, 4;
    %dup/vec4;
    %pushi/vec4 16777219, 1, 25;
    %cmp/x;
    %jmp/1 T_0.22, 4;
    %dup/vec4;
    %pushi/vec4 16777217, 0, 25;
    %cmp/x;
    %jmp/1 T_0.23, 4;
    %dup/vec4;
    %pushi/vec4 16777216, 0, 25;
    %cmp/x;
    %jmp/1 T_0.24, 4;
    %load/vec4 v000001c1791e3f70_0;
    %inv;
    %addi 1, 0, 25;
    %store/vec4 v000001c1791e3250_0, 0, 25;
    %pushi/vec4 0, 0, 5;
    %store/vec4 v000001c1791e4b50_0, 0, 5;
    %jmp T_0.26;
T_0.0 ;
    %load/vec4 v000001c1791e3f70_0;
    %store/vec4 v000001c1791e3250_0, 0, 25;
    %pushi/vec4 0, 0, 5;
    %store/vec4 v000001c1791e4b50_0, 0, 5;
    %jmp T_0.26;
T_0.1 ;
    %load/vec4 v000001c1791e3f70_0;
    %ix/load 4, 1, 0;
    %flag_set/imm 4, 0;
    %shiftl 4;
    %store/vec4 v000001c1791e3250_0, 0, 25;
    %pushi/vec4 1, 0, 5;
    %store/vec4 v000001c1791e4b50_0, 0, 5;
    %jmp T_0.26;
T_0.2 ;
    %load/vec4 v000001c1791e3f70_0;
    %ix/load 4, 2, 0;
    %flag_set/imm 4, 0;
    %shiftl 4;
    %store/vec4 v000001c1791e3250_0, 0, 25;
    %pushi/vec4 2, 0, 5;
    %store/vec4 v000001c1791e4b50_0, 0, 5;
    %jmp T_0.26;
T_0.3 ;
    %load/vec4 v000001c1791e3f70_0;
    %ix/load 4, 3, 0;
    %flag_set/imm 4, 0;
    %shiftl 4;
    %store/vec4 v000001c1791e3250_0, 0, 25;
    %pushi/vec4 3, 0, 5;
    %store/vec4 v000001c1791e4b50_0, 0, 5;
    %jmp T_0.26;
T_0.4 ;
    %load/vec4 v000001c1791e3f70_0;
    %ix/load 4, 4, 0;
    %flag_set/imm 4, 0;
    %shiftl 4;
    %store/vec4 v000001c1791e3250_0, 0, 25;
    %pushi/vec4 4, 0, 5;
    %store/vec4 v000001c1791e4b50_0, 0, 5;
    %jmp T_0.26;
T_0.5 ;
    %load/vec4 v000001c1791e3f70_0;
    %ix/load 4, 5, 0;
    %flag_set/imm 4, 0;
    %shiftl 4;
    %store/vec4 v000001c1791e3250_0, 0, 25;
    %pushi/vec4 5, 0, 5;
    %store/vec4 v000001c1791e4b50_0, 0, 5;
    %jmp T_0.26;
T_0.6 ;
    %load/vec4 v000001c1791e3f70_0;
    %ix/load 4, 6, 0;
    %flag_set/imm 4, 0;
    %shiftl 4;
    %store/vec4 v000001c1791e3250_0, 0, 25;
    %pushi/vec4 6, 0, 5;
    %store/vec4 v000001c1791e4b50_0, 0, 5;
    %jmp T_0.26;
T_0.7 ;
    %load/vec4 v000001c1791e3f70_0;
    %ix/load 4, 7, 0;
    %flag_set/imm 4, 0;
    %shiftl 4;
    %store/vec4 v000001c1791e3250_0, 0, 25;
    %pushi/vec4 7, 0, 5;
    %store/vec4 v000001c1791e4b50_0, 0, 5;
    %jmp T_0.26;
T_0.8 ;
    %load/vec4 v000001c1791e3f70_0;
    %ix/load 4, 8, 0;
    %flag_set/imm 4, 0;
    %shiftl 4;
    %store/vec4 v000001c1791e3250_0, 0, 25;
    %pushi/vec4 8, 0, 5;
    %store/vec4 v000001c1791e4b50_0, 0, 5;
    %jmp T_0.26;
T_0.9 ;
    %load/vec4 v000001c1791e3f70_0;
    %ix/load 4, 9, 0;
    %flag_set/imm 4, 0;
    %shiftl 4;
    %store/vec4 v000001c1791e3250_0, 0, 25;
    %pushi/vec4 9, 0, 5;
    %store/vec4 v000001c1791e4b50_0, 0, 5;
    %jmp T_0.26;
T_0.10 ;
    %load/vec4 v000001c1791e3f70_0;
    %ix/load 4, 10, 0;
    %flag_set/imm 4, 0;
    %shiftl 4;
    %store/vec4 v000001c1791e3250_0, 0, 25;
    %pushi/vec4 10, 0, 5;
    %store/vec4 v000001c1791e4b50_0, 0, 5;
    %jmp T_0.26;
T_0.11 ;
    %load/vec4 v000001c1791e3f70_0;
    %ix/load 4, 11, 0;
    %flag_set/imm 4, 0;
    %shiftl 4;
    %store/vec4 v000001c1791e3250_0, 0, 25;
    %pushi/vec4 11, 0, 5;
    %store/vec4 v000001c1791e4b50_0, 0, 5;
    %jmp T_0.26;
T_0.12 ;
    %load/vec4 v000001c1791e3f70_0;
    %ix/load 4, 12, 0;
    %flag_set/imm 4, 0;
    %shiftl 4;
    %store/vec4 v000001c1791e3250_0, 0, 25;
    %pushi/vec4 12, 0, 5;
    %store/vec4 v000001c1791e4b50_0, 0, 5;
    %jmp T_0.26;
T_0.13 ;
    %load/vec4 v000001c1791e3f70_0;
    %ix/load 4, 13, 0;
    %flag_set/imm 4, 0;
    %shiftl 4;
    %store/vec4 v000001c1791e3250_0, 0, 25;
    %pushi/vec4 13, 0, 5;
    %store/vec4 v000001c1791e4b50_0, 0, 5;
    %jmp T_0.26;
T_0.14 ;
    %load/vec4 v000001c1791e3f70_0;
    %ix/load 4, 14, 0;
    %flag_set/imm 4, 0;
    %shiftl 4;
    %store/vec4 v000001c1791e3250_0, 0, 25;
    %pushi/vec4 14, 0, 5;
    %store/vec4 v000001c1791e4b50_0, 0, 5;
    %jmp T_0.26;
T_0.15 ;
    %load/vec4 v000001c1791e3f70_0;
    %ix/load 4, 15, 0;
    %flag_set/imm 4, 0;
    %shiftl 4;
    %store/vec4 v000001c1791e3250_0, 0, 25;
    %pushi/vec4 15, 0, 5;
    %store/vec4 v000001c1791e4b50_0, 0, 5;
    %jmp T_0.26;
T_0.16 ;
    %load/vec4 v000001c1791e3f70_0;
    %ix/load 4, 16, 0;
    %flag_set/imm 4, 0;
    %shiftl 4;
    %store/vec4 v000001c1791e3250_0, 0, 25;
    %pushi/vec4 16, 0, 5;
    %store/vec4 v000001c1791e4b50_0, 0, 5;
    %jmp T_0.26;
T_0.17 ;
    %load/vec4 v000001c1791e3f70_0;
    %ix/load 4, 17, 0;
    %flag_set/imm 4, 0;
    %shiftl 4;
    %store/vec4 v000001c1791e3250_0, 0, 25;
    %pushi/vec4 17, 0, 5;
    %store/vec4 v000001c1791e4b50_0, 0, 5;
    %jmp T_0.26;
T_0.18 ;
    %load/vec4 v000001c1791e3f70_0;
    %ix/load 4, 18, 0;
    %flag_set/imm 4, 0;
    %shiftl 4;
    %store/vec4 v000001c1791e3250_0, 0, 25;
    %pushi/vec4 18, 0, 5;
    %store/vec4 v000001c1791e4b50_0, 0, 5;
    %jmp T_0.26;
T_0.19 ;
    %load/vec4 v000001c1791e3f70_0;
    %ix/load 4, 19, 0;
    %flag_set/imm 4, 0;
    %shiftl 4;
    %store/vec4 v000001c1791e3250_0, 0, 25;
    %pushi/vec4 19, 0, 5;
    %store/vec4 v000001c1791e4b50_0, 0, 5;
    %jmp T_0.26;
T_0.20 ;
    %load/vec4 v000001c1791e3f70_0;
    %ix/load 4, 20, 0;
    %flag_set/imm 4, 0;
    %shiftl 4;
    %store/vec4 v000001c1791e3250_0, 0, 25;
    %pushi/vec4 20, 0, 5;
    %store/vec4 v000001c1791e4b50_0, 0, 5;
    %jmp T_0.26;
T_0.21 ;
    %load/vec4 v000001c1791e3f70_0;
    %ix/load 4, 21, 0;
    %flag_set/imm 4, 0;
    %shiftl 4;
    %store/vec4 v000001c1791e3250_0, 0, 25;
    %pushi/vec4 21, 0, 5;
    %store/vec4 v000001c1791e4b50_0, 0, 5;
    %jmp T_0.26;
T_0.22 ;
    %load/vec4 v000001c1791e3f70_0;
    %ix/load 4, 22, 0;
    %flag_set/imm 4, 0;
    %shiftl 4;
    %store/vec4 v000001c1791e3250_0, 0, 25;
    %pushi/vec4 22, 0, 5;
    %store/vec4 v000001c1791e4b50_0, 0, 5;
    %jmp T_0.26;
T_0.23 ;
    %load/vec4 v000001c1791e3f70_0;
    %ix/load 4, 23, 0;
    %flag_set/imm 4, 0;
    %shiftl 4;
    %store/vec4 v000001c1791e3250_0, 0, 25;
    %pushi/vec4 23, 0, 5;
    %store/vec4 v000001c1791e4b50_0, 0, 5;
    %jmp T_0.26;
T_0.24 ;
    %load/vec4 v000001c1791e3f70_0;
    %ix/load 4, 24, 0;
    %flag_set/imm 4, 0;
    %shiftl 4;
    %store/vec4 v000001c1791e3250_0, 0, 25;
    %pushi/vec4 24, 0, 5;
    %store/vec4 v000001c1791e4b50_0, 0, 5;
    %jmp T_0.26;
T_0.26 ;
    %pop/vec4 1;
    %jmp T_0;
    .thread T_0, $push;
# The file index is used to find the file name in the following table.
:file_names 4;
    "N/A";
    "<interactive>";
    "AdditionSubtraction.v";
    "./PriorityEncoder.v";
