#! /c/Source/iverilog-install/bin/vvp
:ivl_version "12.0 (devel)" "(s20150603-1539-g2693dd32b)";
:ivl_delay_selection "TYPICAL";
:vpi_time_precision - 12;
:vpi_module "C:\iverilog\lib\ivl\system.vpi";
:vpi_module "C:\iverilog\lib\ivl\vhdl_sys.vpi";
:vpi_module "C:\iverilog\lib\ivl\vhdl_textio.vpi";
:vpi_module "C:\iverilog\lib\ivl\v2005_math.vpi";
:vpi_module "C:\iverilog\lib\ivl\va_math.vpi";
S_000001f27fbe69e0 .scope module, "RAM" "RAM" 2 8;
 .timescale -9 -12;
    .port_info 0 /INPUT 1 "clk";
    .port_info 1 /INPUT 1 "we";
    .port_info 2 /INPUT 1 "en";
    .port_info 3 /INPUT 14 "addr";
    .port_info 4 /INPUT 16 "di";
    .port_info 5 /OUTPUT 32 "dout";
v000001f27fbe6b70 .array "RAM", 0 74000, 31 0;
o000001f27faf6fa8 .functor BUFZ 14, C4<zzzzzzzzzzzzzz>; HiZ drive
v000001f27fbe6c10_0 .net "addr", 13 0, o000001f27faf6fa8;  0 drivers
o000001f27faf6fd8 .functor BUFZ 1, C4<z>; HiZ drive
v000001f27fbe6cb0_0 .net "clk", 0 0, o000001f27faf6fd8;  0 drivers
o000001f27faf7008 .functor BUFZ 16, C4<zzzzzzzzzzzzzzzz>; HiZ drive
v000001f27fbeac20_0 .net "di", 15 0, o000001f27faf7008;  0 drivers
v000001f27fbeacc0_0 .var "dout", 31 0;
o000001f27faf7068 .functor BUFZ 1, C4<z>; HiZ drive
v000001f27fbead60_0 .net "en", 0 0, o000001f27faf7068;  0 drivers
o000001f27faf7098 .functor BUFZ 1, C4<z>; HiZ drive
v000001f27fbeae00_0 .net "we", 0 0, o000001f27faf7098;  0 drivers
E_000001f27faf5c70 .event posedge, v000001f27fbe6cb0_0;
    .scope S_000001f27fbe69e0;
T_0 ;
    %wait E_000001f27faf5c70;
    %load/vec4 v000001f27fbead60_0;
    %flag_set/vec4 8;
    %jmp/0xz  T_0.0, 8;
    %load/vec4 v000001f27fbeae00_0;
    %flag_set/vec4 8;
    %jmp/0xz  T_0.2, 8;
    %load/vec4 v000001f27fbeac20_0;
    %pad/u 32;
    %load/vec4 v000001f27fbe6c10_0;
    %pad/u 18;
    %ix/vec4 3;
    %ix/load 4, 0, 0; Constant delay
    %assign/vec4/a/d v000001f27fbe6b70, 0, 4;
    %jmp T_0.3;
T_0.2 ;
    %load/vec4 v000001f27fbe6c10_0;
    %pad/u 18;
    %ix/vec4 4;
    %load/vec4a v000001f27fbe6b70, 4;
    %assign/vec4 v000001f27fbeacc0_0, 0;
T_0.3 ;
T_0.0 ;
    %jmp T_0;
    .thread T_0;
# The file index is used to find the file name in the following table.
:file_names 3;
    "N/A";
    "<interactive>";
    "BRAM.v";
