#! /c/Source/iverilog-install/bin/vvp
:ivl_version "12.0 (devel)" "(s20150603-1539-g2693dd32b)";
:ivl_delay_selection "TYPICAL";
:vpi_time_precision - 12;
:vpi_module "C:\iverilog\lib\ivl\system.vpi";
:vpi_module "C:\iverilog\lib\ivl\vhdl_sys.vpi";
:vpi_module "C:\iverilog\lib\ivl\vhdl_textio.vpi";
:vpi_module "C:\iverilog\lib\ivl\v2005_math.vpi";
:vpi_module "C:\iverilog\lib\ivl\va_math.vpi";
S_0000020aedd4a510 .scope module, "FloatAS_tb" "FloatAS_tb" 2 4;
 .timescale -9 -12;
v0000020aeddb35c0_0 .var "a", 31 0;
v0000020aeddb3020_0 .var "b", 31 0;
v0000020aeddb3160_0 .net "c", 31 0, v0000020aeddb37a0_0;  1 drivers
S_0000020aedd5e870 .scope module, "uut" "FloatingAddition" 2 8, 3 2 0, S_0000020aedd4a510;
 .timescale -9 -12;
    .port_info 0 /INPUT 32 "A";
    .port_info 1 /INPUT 32 "B";
    .port_info 2 /OUTPUT 32 "result";
P_0000020aedd48860 .param/l "XLEN" 0 3 2, +C4<00000000000000000000000000100000>;
v0000020aede66e70_0 .net "A", 31 0, v0000020aeddb35c0_0;  1 drivers
v0000020aede66cc0_0 .var "A_Mantissa", 23 0;
v0000020aede6b3c0_0 .var "A_exp", 7 0;
v0000020aede6b060_0 .var "A_sign", 0 0;
v0000020aedd5ea00_0 .net "B", 31 0, v0000020aeddb3020_0;  1 drivers
v0000020aedd5eaa0_0 .var "B_Mantissa", 23 0;
v0000020aedd5eb40_0 .var "B_exp", 7 0;
v0000020aedd5ebe0_0 .var "B_sign", 0 0;
v0000020aeddb2850_0 .var "Mantissa", 22 0;
v0000020aeddb28f0_0 .var "Sign", 0 0;
v0000020aeddb2990_0 .var "Temp_Mantissa", 23 0;
v0000020aeddb2a30_0 .var "carry", 0 0;
v0000020aeddb2ad0_0 .var "comp", 0 0;
v0000020aeddb2b70_0 .var "diff_exp", 7 0;
v0000020aeddb2c10_0 .var "exp", 7 0;
v0000020aeddb2cb0_0 .var "exp_adjust", 7 0;
v0000020aeddb37a0_0 .var "result", 31 0;
E_0000020aedd481e0/0 .event anyedge, v0000020aede66e70_0, v0000020aedd5ea00_0, v0000020aeddb2ad0_0, v0000020aede6b3c0_0;
E_0000020aedd481e0/1 .event anyedge, v0000020aedd5eb40_0, v0000020aedd5eaa0_0, v0000020aeddb2b70_0, v0000020aede6b060_0;
E_0000020aedd481e0/2 .event anyedge, v0000020aedd5ebe0_0, v0000020aede66cc0_0, v0000020aeddb2a30_0, v0000020aeddb2990_0;
E_0000020aedd481e0/3 .event anyedge, v0000020aeddb2cb0_0, v0000020aeddb28f0_0, v0000020aeddb2c10_0, v0000020aeddb2850_0;
E_0000020aedd481e0 .event/or E_0000020aedd481e0/0, E_0000020aedd481e0/1, E_0000020aedd481e0/2, E_0000020aedd481e0/3;
    .scope S_0000020aedd5e870;
T_0 ;
    %wait E_0000020aedd481e0;
    %load/vec4 v0000020aedd5ea00_0;
    %parti/s 8, 23, 6;
    %load/vec4 v0000020aede66e70_0;
    %parti/s 8, 23, 6;
    %cmp/u;
    %flag_or 5, 4;
    %flag_mov 8, 5;
    %jmp/0 T_0.0, 8;
    %pushi/vec4 1, 0, 1;
    %jmp/1 T_0.1, 8;
T_0.0 ; End of true expr.
    %pushi/vec4 0, 0, 1;
    %jmp/0 T_0.1, 8;
 ; End of false expr.
    %blend;
T_0.1;
    %store/vec4 v0000020aeddb2ad0_0, 0, 1;
    %load/vec4 v0000020aeddb2ad0_0;
    %flag_set/vec4 8;
    %jmp/0 T_0.2, 8;
    %pushi/vec4 1, 0, 1;
    %load/vec4 v0000020aede66e70_0;
    %parti/s 23, 0, 2;
    %concat/vec4; draw_concat_vec4
    %jmp/1 T_0.3, 8;
T_0.2 ; End of true expr.
    %pushi/vec4 1, 0, 1;
    %load/vec4 v0000020aedd5ea00_0;
    %parti/s 23, 0, 2;
    %concat/vec4; draw_concat_vec4
    %jmp/0 T_0.3, 8;
 ; End of false expr.
    %blend;
T_0.3;
    %store/vec4 v0000020aede66cc0_0, 0, 24;
    %load/vec4 v0000020aeddb2ad0_0;
    %flag_set/vec4 8;
    %jmp/0 T_0.4, 8;
    %load/vec4 v0000020aede66e70_0;
    %parti/s 8, 23, 6;
    %jmp/1 T_0.5, 8;
T_0.4 ; End of true expr.
    %load/vec4 v0000020aedd5ea00_0;
    %parti/s 8, 23, 6;
    %jmp/0 T_0.5, 8;
 ; End of false expr.
    %blend;
T_0.5;
    %store/vec4 v0000020aede6b3c0_0, 0, 8;
    %load/vec4 v0000020aeddb2ad0_0;
    %flag_set/vec4 8;
    %jmp/0 T_0.6, 8;
    %load/vec4 v0000020aede66e70_0;
    %parti/s 1, 31, 6;
    %jmp/1 T_0.7, 8;
T_0.6 ; End of true expr.
    %load/vec4 v0000020aedd5ea00_0;
    %parti/s 1, 31, 6;
    %jmp/0 T_0.7, 8;
 ; End of false expr.
    %blend;
T_0.7;
    %store/vec4 v0000020aede6b060_0, 0, 1;
    %load/vec4 v0000020aeddb2ad0_0;
    %flag_set/vec4 8;
    %jmp/0 T_0.8, 8;
    %pushi/vec4 1, 0, 1;
    %load/vec4 v0000020aedd5ea00_0;
    %parti/s 23, 0, 2;
    %concat/vec4; draw_concat_vec4
    %jmp/1 T_0.9, 8;
T_0.8 ; End of true expr.
    %pushi/vec4 1, 0, 1;
    %load/vec4 v0000020aede66e70_0;
    %parti/s 23, 0, 2;
    %concat/vec4; draw_concat_vec4
    %jmp/0 T_0.9, 8;
 ; End of false expr.
    %blend;
T_0.9;
    %store/vec4 v0000020aedd5eaa0_0, 0, 24;
    %load/vec4 v0000020aeddb2ad0_0;
    %flag_set/vec4 8;
    %jmp/0 T_0.10, 8;
    %load/vec4 v0000020aedd5ea00_0;
    %parti/s 8, 23, 6;
    %jmp/1 T_0.11, 8;
T_0.10 ; End of true expr.
    %load/vec4 v0000020aede66e70_0;
    %parti/s 8, 23, 6;
    %jmp/0 T_0.11, 8;
 ; End of false expr.
    %blend;
T_0.11;
    %store/vec4 v0000020aedd5eb40_0, 0, 8;
    %load/vec4 v0000020aeddb2ad0_0;
    %flag_set/vec4 8;
    %jmp/0 T_0.12, 8;
    %load/vec4 v0000020aedd5ea00_0;
    %parti/s 1, 31, 6;
    %jmp/1 T_0.13, 8;
T_0.12 ; End of true expr.
    %load/vec4 v0000020aede66e70_0;
    %parti/s 1, 31, 6;
    %jmp/0 T_0.13, 8;
 ; End of false expr.
    %blend;
T_0.13;
    %store/vec4 v0000020aedd5ebe0_0, 0, 1;
    %load/vec4 v0000020aede6b3c0_0;
    %load/vec4 v0000020aedd5eb40_0;
    %sub;
    %store/vec4 v0000020aeddb2b70_0, 0, 8;
    %load/vec4 v0000020aedd5eaa0_0;
    %ix/getv 4, v0000020aeddb2b70_0;
    %shiftr 4;
    %store/vec4 v0000020aedd5eaa0_0, 0, 24;
    %load/vec4 v0000020aede6b060_0;
    %load/vec4 v0000020aedd5ebe0_0;
    %xnor;
    %flag_set/vec4 8;
    %jmp/0 T_0.14, 8;
    %load/vec4 v0000020aede66cc0_0;
    %pad/u 25;
    %load/vec4 v0000020aedd5eaa0_0;
    %pad/u 25;
    %add;
    %jmp/1 T_0.15, 8;
T_0.14 ; End of true expr.
    %load/vec4 v0000020aede66cc0_0;
    %pad/u 25;
    %load/vec4 v0000020aedd5eaa0_0;
    %pad/u 25;
    %sub;
    %jmp/0 T_0.15, 8;
 ; End of false expr.
    %blend;
T_0.15;
    %split/vec4 24;
    %store/vec4 v0000020aeddb2990_0, 0, 24;
    %store/vec4 v0000020aeddb2a30_0, 0, 1;
    %load/vec4 v0000020aede6b3c0_0;
    %store/vec4 v0000020aeddb2cb0_0, 0, 8;
    %load/vec4 v0000020aeddb2a30_0;
    %flag_set/vec4 8;
    %jmp/0xz  T_0.16, 8;
    %load/vec4 v0000020aeddb2990_0;
    %ix/load 4, 1, 0;
    %flag_set/imm 4, 0;
    %shiftr 4;
    %store/vec4 v0000020aeddb2990_0, 0, 24;
    %load/vec4 v0000020aeddb2cb0_0;
    %addi 1, 0, 8;
    %store/vec4 v0000020aeddb2cb0_0, 0, 8;
    %jmp T_0.17;
T_0.16 ;
T_0.18 ;
    %load/vec4 v0000020aeddb2990_0;
    %parti/s 1, 23, 6;
    %nor/r;
    %flag_set/vec4 8;
    %jmp/0xz T_0.19, 8;
    %load/vec4 v0000020aeddb2990_0;
    %ix/load 4, 1, 0;
    %flag_set/imm 4, 0;
    %shiftl 4;
    %store/vec4 v0000020aeddb2990_0, 0, 24;
    %load/vec4 v0000020aeddb2cb0_0;
    %subi 1, 0, 8;
    %store/vec4 v0000020aeddb2cb0_0, 0, 8;
    %jmp T_0.18;
T_0.19 ;
T_0.17 ;
    %load/vec4 v0000020aede6b060_0;
    %store/vec4 v0000020aeddb28f0_0, 0, 1;
    %load/vec4 v0000020aeddb2990_0;
    %parti/s 23, 0, 2;
    %store/vec4 v0000020aeddb2850_0, 0, 23;
    %load/vec4 v0000020aeddb2cb0_0;
    %store/vec4 v0000020aeddb2c10_0, 0, 8;
    %load/vec4 v0000020aeddb28f0_0;
    %load/vec4 v0000020aeddb2c10_0;
    %concat/vec4; draw_concat_vec4
    %load/vec4 v0000020aeddb2850_0;
    %concat/vec4; draw_concat_vec4
    %store/vec4 v0000020aeddb37a0_0, 0, 32;
    %jmp T_0;
    .thread T_0, $push;
    .scope S_0000020aedd4a510;
T_1 ;
    %vpi_call 2 12 "$dumpfile", "FloatAS_tb.vcd" {0 0 0};
    %vpi_call 2 13 "$dumpvars", 32'sb00000000000000000000000000000000, S_0000020aedd4a510 {0 0 0};
    %pushi/vec4 1065353216, 0, 32;
    %store/vec4 v0000020aeddb35c0_0, 0, 32;
    %pushi/vec4 1065353216, 0, 32;
    %store/vec4 v0000020aeddb3020_0, 0, 32;
    %delay 5000, 0;
    %pushi/vec4 1073741824, 0, 32;
    %store/vec4 v0000020aeddb35c0_0, 0, 32;
    %pushi/vec4 1090519040, 0, 32;
    %store/vec4 v0000020aeddb3020_0, 0, 32;
    %delay 5000, 0;
    %pushi/vec4 1065353216, 0, 32;
    %store/vec4 v0000020aeddb35c0_0, 0, 32;
    %pushi/vec4 3212836864, 0, 32;
    %store/vec4 v0000020aeddb3020_0, 0, 32;
    %delay 5000, 0;
    %vpi_call 2 22 "$finish" {0 0 0};
    %vpi_call 2 23 "$display", "test-complete" {0 0 0};
    %end;
    .thread T_1;
# The file index is used to find the file name in the following table.
:file_names 4;
    "N/A";
    "<interactive>";
    "FloatAS_tb.v";
    "./FloatingAddition.v";
