#! /c/Source/iverilog-install/bin/vvp
:ivl_version "12.0 (devel)" "(s20150603-1539-g2693dd32b)";
:ivl_delay_selection "TYPICAL";
:vpi_time_precision + 0;
:vpi_module "C:\iverilog\lib\ivl\system.vpi";
:vpi_module "C:\iverilog\lib\ivl\vhdl_sys.vpi";
:vpi_module "C:\iverilog\lib\ivl\vhdl_textio.vpi";
:vpi_module "C:\iverilog\lib\ivl\v2005_math.vpi";
:vpi_module "C:\iverilog\lib\ivl\va_math.vpi";
S_000002906f926560 .scope module, "LargestNumber" "LargestNumber" 2 1;
 .timescale 0 0;
    .port_info 0 /INPUT 32 "num1";
    .port_info 1 /INPUT 32 "num2";
    .port_info 2 /INPUT 32 "num3";
    .port_info 3 /OUTPUT 2 "out";
o000002906fad6fd8 .functor BUFZ 32, C4<zzzzzzzzzzzzzzzzzzzzzzzzzzzzzzzz>; HiZ drive
v000002906f926c20_0 .net "num1", 31 0, o000002906fad6fd8;  0 drivers
o000002906fad7008 .functor BUFZ 32, C4<zzzzzzzzzzzzzzzzzzzzzzzzzzzzzzzz>; HiZ drive
v000002906f9266f0_0 .net "num2", 31 0, o000002906fad7008;  0 drivers
o000002906fad7038 .functor BUFZ 32, C4<zzzzzzzzzzzzzzzzzzzzzzzzzzzzzzzz>; HiZ drive
v000002906f926790_0 .net "num3", 31 0, o000002906fad7038;  0 drivers
v000002906f926830_0 .var "out", 1 0;
E_000002906f92c7d0 .event anyedge, v000002906f926c20_0, v000002906f9266f0_0, v000002906f926790_0;
    .scope S_000002906f926560;
T_0 ;
    %wait E_000002906f92c7d0;
    %load/vec4 v000002906f9266f0_0;
    %load/vec4 v000002906f926c20_0;
    %cmp/u;
    %flag_get/vec4 5;
    %jmp/0 T_0.2, 5;
    %load/vec4 v000002906f926790_0;
    %load/vec4 v000002906f926c20_0;
    %cmp/u;
    %flag_get/vec4 5;
    %and;
T_0.2;
    %flag_set/vec4 8;
    %jmp/0xz  T_0.0, 8;
    %pushi/vec4 0, 0, 2;
    %store/vec4 v000002906f926830_0, 0, 2;
    %jmp T_0.1;
T_0.0 ;
    %load/vec4 v000002906f926c20_0;
    %load/vec4 v000002906f9266f0_0;
    %cmp/u;
    %flag_get/vec4 5;
    %jmp/0 T_0.5, 5;
    %load/vec4 v000002906f926790_0;
    %load/vec4 v000002906f9266f0_0;
    %cmp/u;
    %flag_get/vec4 5;
    %and;
T_0.5;
    %flag_set/vec4 8;
    %jmp/0xz  T_0.3, 8;
    %pushi/vec4 1, 0, 2;
    %store/vec4 v000002906f926830_0, 0, 2;
    %jmp T_0.4;
T_0.3 ;
    %load/vec4 v000002906f926c20_0;
    %load/vec4 v000002906f926790_0;
    %cmp/u;
    %flag_get/vec4 5;
    %jmp/0 T_0.8, 5;
    %load/vec4 v000002906f9266f0_0;
    %load/vec4 v000002906f926790_0;
    %cmp/u;
    %flag_get/vec4 5;
    %and;
T_0.8;
    %flag_set/vec4 8;
    %jmp/0xz  T_0.6, 8;
    %pushi/vec4 2, 0, 2;
    %store/vec4 v000002906f926830_0, 0, 2;
    %jmp T_0.7;
T_0.6 ;
    %pushi/vec4 0, 0, 2;
    %store/vec4 v000002906f926830_0, 0, 2;
T_0.7 ;
T_0.4 ;
T_0.1 ;
    %jmp T_0;
    .thread T_0, $push;
# The file index is used to find the file name in the following table.
:file_names 3;
    "N/A";
    "<interactive>";
    "Largest.v";
