#! /c/Source/iverilog-install/bin/vvp
:ivl_version "12.0 (devel)" "(s20150603-1539-g2693dd32b)";
:ivl_delay_selection "TYPICAL";
:vpi_time_precision - 12;
:vpi_module "C:\iverilog\lib\ivl\system.vpi";
:vpi_module "C:\iverilog\lib\ivl\vhdl_sys.vpi";
:vpi_module "C:\iverilog\lib\ivl\vhdl_textio.vpi";
:vpi_module "C:\iverilog\lib\ivl\v2005_math.vpi";
:vpi_module "C:\iverilog\lib\ivl\va_math.vpi";
S_0000020cd7dc94d0 .scope module, "AdditionSubtraction" "AdditionSubtraction" 2 7;
 .timescale -9 -12;
    .port_info 0 /INPUT 32 "a";
    .port_info 1 /INPUT 32 "b";
    .port_info 2 /INPUT 1 "AddBar_Sub";
    .port_info 3 /OUTPUT 32 "result";
L_0000020cd7de9380 .functor XOR 1, L_0000020cd7e530f0, L_0000020cd7e52150, C4<0>, C4<0>;
L_0000020cd7de93f0 .functor XOR 1, L_0000020cd7e534b0, L_0000020cd7e521f0, C4<0>, C4<0>;
L_0000020cd7e55c80 .functor NOT 1, L_0000020cd7de93f0, C4<0>, C4<0>, C4<0>;
L_0000020cd7e55eb0 .functor AND 1, L_0000020cd7e51ed0, L_0000020cd7e51e30, C4<1>, C4<1>;
L_0000020cd7e55a50 .functor AND 1, L_0000020cd7e51ed0, L_0000020cd7e6a560, C4<1>, C4<1>;
L_0000020cd7e55900 .functor NOT 24, L_0000020cd7e53550, C4<000000000000000000000000>, C4<000000000000000000000000>, C4<000000000000000000000000>;
L_0000020cd7e55970 .functor BUFZ 8, L_0000020cd7e6a4c0, C4<00000000>, C4<00000000>, C4<00000000>;
o0000020cd7df6238 .functor BUFZ 1, C4<z>; HiZ drive
v0000020cd7de2240_0 .net "AddBar_Sub", 0 0, o0000020cd7df6238;  0 drivers
v0000020cd7de2920_0 .net "Comp_enable", 0 0, L_0000020cd7e519d0;  1 drivers
L_0000020cd7e70088 .functor BUFT 1, C4<1>, C4<0>, C4<0>, C4<0>;
v0000020cd7de1160_0 .net/2u *"_ivl_10", 0 0, L_0000020cd7e70088;  1 drivers
v0000020cd7de1d40_0 .net *"_ivl_101", 7 0, L_0000020cd7e51890;  1 drivers
v0000020cd7de12a0_0 .net *"_ivl_105", 7 0, L_0000020cd7e51930;  1 drivers
v0000020cd7de2a60_0 .net *"_ivl_108", 0 0, L_0000020cd7e55eb0;  1 drivers
v0000020cd7de1340_0 .net *"_ivl_110", 24 0, L_0000020cd7e51b10;  1 drivers
L_0000020cd7e70238 .functor BUFT 1, C4<0>, C4<0>, C4<0>, C4<0>;
v0000020cd7de13e0_0 .net *"_ivl_113", 0 0, L_0000020cd7e70238;  1 drivers
v0000020cd7de1e80_0 .net *"_ivl_114", 24 0, L_0000020cd7e51d90;  1 drivers
L_0000020cd7e70280 .functor BUFT 1, C4<0>, C4<0>, C4<0>, C4<0>;
v0000020cd7de22e0_0 .net *"_ivl_117", 0 0, L_0000020cd7e70280;  1 drivers
v0000020cd7de2b00_0 .net *"_ivl_118", 24 0, L_0000020cd7e51f70;  1 drivers
v0000020cd7de2420_0 .net *"_ivl_12", 64 0, L_0000020cd7e52650;  1 drivers
L_0000020cd7e702c8 .functor BUFT 1, C4<0000000000000000000000000>, C4<0>, C4<0>, C4<0>;
v0000020cd7de1480_0 .net/2u *"_ivl_120", 24 0, L_0000020cd7e702c8;  1 drivers
v0000020cd7de1ac0_0 .net *"_ivl_127", 0 0, L_0000020cd7e68ee0;  1 drivers
v0000020cd7e46a00_0 .net *"_ivl_129", 22 0, L_0000020cd7e69480;  1 drivers
v0000020cd7e454c0_0 .net *"_ivl_131", 22 0, L_0000020cd7e6a600;  1 drivers
v0000020cd7e45560_0 .net *"_ivl_132", 22 0, L_0000020cd7e69d40;  1 drivers
v0000020cd7e46320_0 .net *"_ivl_138", 0 0, L_0000020cd7e69520;  1 drivers
L_0000020cd7e70310 .functor BUFT 1, C4<00000001>, C4<0>, C4<0>, C4<0>;
v0000020cd7e459c0_0 .net/2u *"_ivl_139", 7 0, L_0000020cd7e70310;  1 drivers
L_0000020cd7e700d0 .functor BUFT 1, C4<0>, C4<0>, C4<0>, C4<0>;
v0000020cd7e45f60_0 .net/2u *"_ivl_14", 0 0, L_0000020cd7e700d0;  1 drivers
v0000020cd7e46aa0_0 .net *"_ivl_142", 7 0, L_0000020cd7e68f80;  1 drivers
v0000020cd7e46000_0 .net *"_ivl_143", 7 0, L_0000020cd7e6a420;  1 drivers
v0000020cd7e46b40_0 .net *"_ivl_146", 7 0, L_0000020cd7e6a100;  1 drivers
v0000020cd7e45920_0 .net *"_ivl_147", 7 0, L_0000020cd7e69de0;  1 drivers
v0000020cd7e45ec0_0 .net *"_ivl_150", 0 0, L_0000020cd7e6a560;  1 drivers
v0000020cd7e46500_0 .net *"_ivl_151", 0 0, L_0000020cd7e55a50;  1 drivers
v0000020cd7e46c80_0 .net *"_ivl_153", 23 0, L_0000020cd7e55900;  1 drivers
L_0000020cd7e70358 .functor BUFT 1, C4<000000000000000000000001>, C4<0>, C4<0>, C4<0>;
v0000020cd7e45ce0_0 .net/2u *"_ivl_155", 23 0, L_0000020cd7e70358;  1 drivers
v0000020cd7e452e0_0 .net *"_ivl_157", 23 0, L_0000020cd7e69ca0;  1 drivers
L_0000020cd7e703a0 .functor BUFT 1, C4<000000000000000000000000>, C4<0>, C4<0>, C4<0>;
v0000020cd7e465a0_0 .net/2u *"_ivl_159", 23 0, L_0000020cd7e703a0;  1 drivers
v0000020cd7e46dc0_0 .net *"_ivl_16", 64 0, L_0000020cd7e516b0;  1 drivers
v0000020cd7e468c0_0 .net *"_ivl_163", 24 0, L_0000020cd7e689e0;  1 drivers
L_0000020cd7e703e8 .functor BUFT 1, C4<0>, C4<0>, C4<0>, C4<0>;
v0000020cd7e46820_0 .net *"_ivl_166", 0 0, L_0000020cd7e703e8;  1 drivers
v0000020cd7e45420_0 .net *"_ivl_167", 24 0, L_0000020cd7e697a0;  1 drivers
L_0000020cd7e70430 .functor BUFT 1, C4<0>, C4<0>, C4<0>, C4<0>;
v0000020cd7e46640_0 .net *"_ivl_170", 0 0, L_0000020cd7e70430;  1 drivers
v0000020cd7e45600_0 .net *"_ivl_171", 24 0, L_0000020cd7e69fc0;  1 drivers
L_0000020cd7e70478 .functor BUFT 1, C4<0000000000000000000000000>, C4<0>, C4<0>, C4<0>;
v0000020cd7e466e0_0 .net/2u *"_ivl_173", 24 0, L_0000020cd7e70478;  1 drivers
v0000020cd7e46280_0 .net *"_ivl_18", 64 0, L_0000020cd7e523d0;  1 drivers
v0000020cd7e456a0_0 .net *"_ivl_182", 7 0, L_0000020cd7e55970;  1 drivers
v0000020cd7e45a60_0 .net *"_ivl_187", 22 0, L_0000020cd7e6a380;  1 drivers
v0000020cd7e45c40_0 .net *"_ivl_189", 0 0, L_0000020cd7e695c0;  1 drivers
v0000020cd7e46780_0 .net *"_ivl_190", 31 0, L_0000020cd7e6a6a0;  1 drivers
v0000020cd7e45d80_0 .net *"_ivl_192", 31 0, L_0000020cd7e69840;  1 drivers
v0000020cd7e461e0_0 .net *"_ivl_21", 7 0, L_0000020cd7e51c50;  1 drivers
v0000020cd7e45e20_0 .net *"_ivl_25", 7 0, L_0000020cd7e52d30;  1 drivers
v0000020cd7e460a0_0 .net *"_ivl_29", 0 0, L_0000020cd7e532d0;  1 drivers
v0000020cd7e45b00_0 .net *"_ivl_31", 0 0, L_0000020cd7e52290;  1 drivers
v0000020cd7e46e60_0 .net *"_ivl_33", 0 0, L_0000020cd7e52dd0;  1 drivers
v0000020cd7e45880_0 .net *"_ivl_34", 0 0, L_0000020cd7e526f0;  1 drivers
v0000020cd7e46be0_0 .net *"_ivl_37", 0 0, L_0000020cd7e52f10;  1 drivers
v0000020cd7e46960_0 .net *"_ivl_41", 0 0, L_0000020cd7e530f0;  1 drivers
v0000020cd7e46460_0 .net *"_ivl_43", 0 0, L_0000020cd7e52150;  1 drivers
v0000020cd7e45ba0_0 .net *"_ivl_44", 0 0, L_0000020cd7de9380;  1 drivers
v0000020cd7e463c0_0 .net *"_ivl_47", 0 0, L_0000020cd7e534b0;  1 drivers
v0000020cd7e45740_0 .net *"_ivl_49", 0 0, L_0000020cd7e521f0;  1 drivers
v0000020cd7e46d20_0 .net *"_ivl_5", 30 0, L_0000020cd7e52e70;  1 drivers
v0000020cd7e46f00_0 .net *"_ivl_50", 0 0, L_0000020cd7de93f0;  1 drivers
v0000020cd7e45060_0 .net *"_ivl_52", 0 0, L_0000020cd7e55c80;  1 drivers
v0000020cd7e45100_0 .net *"_ivl_57", 7 0, L_0000020cd7e52fb0;  1 drivers
v0000020cd7e451a0_0 .net *"_ivl_59", 0 0, L_0000020cd7e52bf0;  1 drivers
L_0000020cd7e70118 .functor BUFT 1, C4<1>, C4<0>, C4<0>, C4<0>;
v0000020cd7e45240_0 .net/2u *"_ivl_60", 0 0, L_0000020cd7e70118;  1 drivers
v0000020cd7e45380_0 .net *"_ivl_63", 22 0, L_0000020cd7e53050;  1 drivers
v0000020cd7e457e0_0 .net *"_ivl_64", 23 0, L_0000020cd7e52010;  1 drivers
L_0000020cd7e70160 .functor BUFT 1, C4<0>, C4<0>, C4<0>, C4<0>;
v0000020cd7e46140_0 .net/2u *"_ivl_66", 0 0, L_0000020cd7e70160;  1 drivers
v0000020cd7e4f470_0 .net *"_ivl_69", 22 0, L_0000020cd7e51bb0;  1 drivers
v0000020cd7e50af0_0 .net *"_ivl_7", 30 0, L_0000020cd7e52330;  1 drivers
v0000020cd7e4f970_0 .net *"_ivl_70", 23 0, L_0000020cd7e52830;  1 drivers
v0000020cd7e50410_0 .net *"_ivl_75", 7 0, L_0000020cd7e52510;  1 drivers
v0000020cd7e50e10_0 .net *"_ivl_77", 0 0, L_0000020cd7e52470;  1 drivers
L_0000020cd7e701a8 .functor BUFT 1, C4<1>, C4<0>, C4<0>, C4<0>;
v0000020cd7e504b0_0 .net/2u *"_ivl_78", 0 0, L_0000020cd7e701a8;  1 drivers
v0000020cd7e50730_0 .net *"_ivl_8", 0 0, L_0000020cd7e51a70;  1 drivers
v0000020cd7e4fe70_0 .net *"_ivl_81", 22 0, L_0000020cd7e53230;  1 drivers
v0000020cd7e4fc90_0 .net *"_ivl_82", 23 0, L_0000020cd7e525b0;  1 drivers
L_0000020cd7e701f0 .functor BUFT 1, C4<0>, C4<0>, C4<0>, C4<0>;
v0000020cd7e505f0_0 .net/2u *"_ivl_84", 0 0, L_0000020cd7e701f0;  1 drivers
v0000020cd7e4f3d0_0 .net *"_ivl_87", 22 0, L_0000020cd7e53190;  1 drivers
v0000020cd7e50d70_0 .net *"_ivl_88", 23 0, L_0000020cd7e52ab0;  1 drivers
v0000020cd7e50b90_0 .net *"_ivl_93", 7 0, L_0000020cd7e51cf0;  1 drivers
v0000020cd7e50eb0_0 .net *"_ivl_95", 7 0, L_0000020cd7e53370;  1 drivers
o0000020cd7df70d8 .functor BUFZ 32, C4<zzzzzzzzzzzzzzzzzzzzzzzzzzzzzzzz>; HiZ drive
v0000020cd7e4fb50_0 .net "a", 31 0, o0000020cd7df70d8;  0 drivers
v0000020cd7e4fbf0_0 .net "add_sum", 30 0, L_0000020cd7e69700;  1 drivers
o0000020cd7df7138 .functor BUFZ 32, C4<zzzzzzzzzzzzzzzzzzzzzzzzzzzzzzzz>; HiZ drive
v0000020cd7e4fd30_0 .net "b", 31 0, o0000020cd7df7138;  0 drivers
v0000020cd7e4f290_0 .net "exp_a", 0 0, L_0000020cd7e52970;  1 drivers
v0000020cd7e50f50_0 .net "exp_b", 0 0, L_0000020cd7e517f0;  1 drivers
v0000020cd7e4fa10_0 .net "exponent_b_add_sub", 7 0, L_0000020cd7e51750;  1 drivers
v0000020cd7e50190_0 .net "exponent_diff", 7 0, L_0000020cd7e53410;  1 drivers
v0000020cd7e50550_0 .net "exponent_sub", 7 0, L_0000020cd7e6a4c0;  1 drivers
v0000020cd7e4f510_0 .net "mantissa_a", 23 0, L_0000020cd7e52b50;  1 drivers
v0000020cd7e4f5b0_0 .net "mantissa_add", 24 0, L_0000020cd7e520b0;  1 drivers
v0000020cd7e50050_0 .net "mantissa_b", 23 0, L_0000020cd7e52a10;  1 drivers
v0000020cd7e50690_0 .net "mantissa_b_add_sub", 23 0, L_0000020cd7e53550;  1 drivers
v0000020cd7e4fdd0_0 .net "mantissa_sub", 24 0, L_0000020cd7e69200;  1 drivers
v0000020cd7e4f330_0 .net "mantissa_sub_complement", 23 0, L_0000020cd7e692a0;  1 drivers
v0000020cd7e4ffb0_0 .net "operand_a", 31 0, L_0000020cd7e52c90;  1 drivers
v0000020cd7e507d0_0 .net "operand_b", 31 0, L_0000020cd7e528d0;  1 drivers
v0000020cd7e50870_0 .net "operation_sub_addBar", 0 0, L_0000020cd7e51e30;  1 drivers
v0000020cd7e4ff10_0 .net "output_sign", 0 0, L_0000020cd7e52790;  1 drivers
v0000020cd7e500f0_0 .net "perform", 0 0, L_0000020cd7e51ed0;  1 drivers
v0000020cd7e4f650_0 .net "result", 31 0, L_0000020cd7e690c0;  1 drivers
v0000020cd7e50910_0 .net "sub_diff", 30 0, L_0000020cd7e68e40;  1 drivers
v0000020cd7e509b0_0 .net "subtraction_diff", 24 0, v0000020cd7de2600_0;  1 drivers
L_0000020cd7e519d0 .part L_0000020cd7e523d0, 64, 1;
L_0000020cd7e52c90 .part L_0000020cd7e523d0, 32, 32;
L_0000020cd7e528d0 .part L_0000020cd7e523d0, 0, 32;
L_0000020cd7e52e70 .part o0000020cd7df70d8, 0, 31;
L_0000020cd7e52330 .part o0000020cd7df7138, 0, 31;
L_0000020cd7e51a70 .cmp/gt 31, L_0000020cd7e52330, L_0000020cd7e52e70;
L_0000020cd7e52650 .concat [ 32 32 1 0], o0000020cd7df70d8, o0000020cd7df7138, L_0000020cd7e70088;
L_0000020cd7e516b0 .concat [ 32 32 1 0], o0000020cd7df7138, o0000020cd7df70d8, L_0000020cd7e700d0;
L_0000020cd7e523d0 .functor MUXZ 65, L_0000020cd7e516b0, L_0000020cd7e52650, L_0000020cd7e51a70, C4<>;
L_0000020cd7e51c50 .part L_0000020cd7e52c90, 23, 8;
L_0000020cd7e52970 .part L_0000020cd7e51c50, 0, 1;
L_0000020cd7e52d30 .part L_0000020cd7e528d0, 23, 8;
L_0000020cd7e517f0 .part L_0000020cd7e52d30, 0, 1;
L_0000020cd7e532d0 .part L_0000020cd7e52c90, 31, 1;
L_0000020cd7e52290 .reduce/nor L_0000020cd7e532d0;
L_0000020cd7e52dd0 .part L_0000020cd7e52c90, 31, 1;
L_0000020cd7e526f0 .functor MUXZ 1, L_0000020cd7e52dd0, L_0000020cd7e52290, L_0000020cd7e519d0, C4<>;
L_0000020cd7e52f10 .part L_0000020cd7e52c90, 31, 1;
L_0000020cd7e52790 .functor MUXZ 1, L_0000020cd7e52f10, L_0000020cd7e526f0, o0000020cd7df6238, C4<>;
L_0000020cd7e530f0 .part L_0000020cd7e52c90, 31, 1;
L_0000020cd7e52150 .part L_0000020cd7e528d0, 31, 1;
L_0000020cd7e534b0 .part L_0000020cd7e52c90, 31, 1;
L_0000020cd7e521f0 .part L_0000020cd7e528d0, 31, 1;
L_0000020cd7e51e30 .functor MUXZ 1, L_0000020cd7e55c80, L_0000020cd7de9380, o0000020cd7df6238, C4<>;
L_0000020cd7e52fb0 .part L_0000020cd7e52c90, 23, 8;
L_0000020cd7e52bf0 .reduce/or L_0000020cd7e52fb0;
L_0000020cd7e53050 .part L_0000020cd7e52c90, 0, 23;
L_0000020cd7e52010 .concat [ 23 1 0 0], L_0000020cd7e53050, L_0000020cd7e70118;
L_0000020cd7e51bb0 .part L_0000020cd7e52c90, 0, 23;
L_0000020cd7e52830 .concat [ 23 1 0 0], L_0000020cd7e51bb0, L_0000020cd7e70160;
L_0000020cd7e52b50 .functor MUXZ 24, L_0000020cd7e52830, L_0000020cd7e52010, L_0000020cd7e52bf0, C4<>;
L_0000020cd7e52510 .part L_0000020cd7e528d0, 23, 8;
L_0000020cd7e52470 .reduce/or L_0000020cd7e52510;
L_0000020cd7e53230 .part L_0000020cd7e528d0, 0, 23;
L_0000020cd7e525b0 .concat [ 23 1 0 0], L_0000020cd7e53230, L_0000020cd7e701a8;
L_0000020cd7e53190 .part L_0000020cd7e528d0, 0, 23;
L_0000020cd7e52ab0 .concat [ 23 1 0 0], L_0000020cd7e53190, L_0000020cd7e701f0;
L_0000020cd7e52a10 .functor MUXZ 24, L_0000020cd7e52ab0, L_0000020cd7e525b0, L_0000020cd7e52470, C4<>;
L_0000020cd7e51cf0 .part L_0000020cd7e52c90, 23, 8;
L_0000020cd7e53370 .part L_0000020cd7e528d0, 23, 8;
L_0000020cd7e53410 .arith/sub 8, L_0000020cd7e51cf0, L_0000020cd7e53370;
L_0000020cd7e53550 .shift/r 24, L_0000020cd7e52a10, L_0000020cd7e53410;
L_0000020cd7e51890 .part L_0000020cd7e528d0, 23, 8;
L_0000020cd7e51750 .arith/sum 8, L_0000020cd7e51890, L_0000020cd7e53410;
L_0000020cd7e51930 .part L_0000020cd7e52c90, 23, 8;
L_0000020cd7e51ed0 .cmp/eq 8, L_0000020cd7e51930, L_0000020cd7e51750;
L_0000020cd7e51b10 .concat [ 24 1 0 0], L_0000020cd7e52b50, L_0000020cd7e70238;
L_0000020cd7e51d90 .concat [ 24 1 0 0], L_0000020cd7e53550, L_0000020cd7e70280;
L_0000020cd7e51f70 .arith/sum 25, L_0000020cd7e51b10, L_0000020cd7e51d90;
L_0000020cd7e520b0 .functor MUXZ 25, L_0000020cd7e702c8, L_0000020cd7e51f70, L_0000020cd7e55eb0, C4<>;
L_0000020cd7e68ee0 .part L_0000020cd7e520b0, 24, 1;
L_0000020cd7e69480 .part L_0000020cd7e520b0, 1, 23;
L_0000020cd7e6a600 .part L_0000020cd7e520b0, 0, 23;
L_0000020cd7e69d40 .functor MUXZ 23, L_0000020cd7e6a600, L_0000020cd7e69480, L_0000020cd7e68ee0, C4<>;
L_0000020cd7e69700 .concat8 [ 23 8 0 0], L_0000020cd7e69d40, L_0000020cd7e69de0;
L_0000020cd7e69520 .part L_0000020cd7e520b0, 24, 1;
L_0000020cd7e68f80 .part L_0000020cd7e52c90, 23, 8;
L_0000020cd7e6a420 .arith/sum 8, L_0000020cd7e70310, L_0000020cd7e68f80;
L_0000020cd7e6a100 .part L_0000020cd7e52c90, 23, 8;
L_0000020cd7e69de0 .functor MUXZ 8, L_0000020cd7e6a100, L_0000020cd7e6a420, L_0000020cd7e69520, C4<>;
L_0000020cd7e6a560 .reduce/nor L_0000020cd7e51e30;
L_0000020cd7e69ca0 .arith/sum 24, L_0000020cd7e55900, L_0000020cd7e70358;
L_0000020cd7e692a0 .functor MUXZ 24, L_0000020cd7e703a0, L_0000020cd7e69ca0, L_0000020cd7e55a50, C4<>;
L_0000020cd7e689e0 .concat [ 24 1 0 0], L_0000020cd7e52b50, L_0000020cd7e703e8;
L_0000020cd7e697a0 .concat [ 24 1 0 0], L_0000020cd7e692a0, L_0000020cd7e70430;
L_0000020cd7e69fc0 .arith/sum 25, L_0000020cd7e689e0, L_0000020cd7e697a0;
L_0000020cd7e69200 .functor MUXZ 25, L_0000020cd7e70478, L_0000020cd7e69fc0, L_0000020cd7e51ed0, C4<>;
L_0000020cd7e69020 .part L_0000020cd7e52c90, 23, 8;
L_0000020cd7e68e40 .concat8 [ 23 8 0 0], L_0000020cd7e6a380, L_0000020cd7e55970;
L_0000020cd7e6a380 .part v0000020cd7de2600_0, 0, 23;
L_0000020cd7e695c0 .reduce/nor L_0000020cd7e51e30;
L_0000020cd7e6a6a0 .concat [ 31 1 0 0], L_0000020cd7e68e40, L_0000020cd7e52790;
L_0000020cd7e69840 .concat [ 31 1 0 0], L_0000020cd7e69700, L_0000020cd7e52790;
L_0000020cd7e690c0 .functor MUXZ 32, L_0000020cd7e69840, L_0000020cd7e6a6a0, L_0000020cd7e695c0, C4<>;
S_0000020cd7b2eb50 .scope module, "pe" "priority_encoder" 2 95, 3 6 0, S_0000020cd7dc94d0;
 .timescale -9 -12;
    .port_info 0 /INPUT 25 "mantissa";
    .port_info 1 /INPUT 8 "Exponent_a";
    .port_info 2 /OUTPUT 25 "Mantissa";
    .port_info 3 /OUTPUT 8 "Exponent_sub";
v0000020cd7de2560_0 .net "Exponent_a", 7 0, L_0000020cd7e69020;  1 drivers
v0000020cd7de10c0_0 .net "Exponent_sub", 7 0, L_0000020cd7e6a4c0;  alias, 1 drivers
v0000020cd7de2600_0 .var "Mantissa", 24 0;
v0000020cd7de15c0_0 .net *"_ivl_0", 7 0, L_0000020cd7e6a2e0;  1 drivers
L_0000020cd7e704c0 .functor BUFT 1, C4<000>, C4<0>, C4<0>, C4<0>;
v0000020cd7de2ba0_0 .net *"_ivl_3", 2 0, L_0000020cd7e704c0;  1 drivers
v0000020cd7de2740_0 .net "mantissa", 24 0, L_0000020cd7e69200;  alias, 1 drivers
v0000020cd7de1ca0_0 .var "shift", 4 0;
E_0000020cd7df18e0 .event anyedge, v0000020cd7de2740_0;
L_0000020cd7e6a2e0 .concat [ 5 3 0 0], v0000020cd7de1ca0_0, L_0000020cd7e704c0;
L_0000020cd7e6a4c0 .arith/sub 8, L_0000020cd7e69020, L_0000020cd7e6a2e0;
S_0000020cd7dc9660 .scope module, "FloatMul" "FloatMul" 4 23;
 .timescale -9 -12;
    .port_info 0 /INPUT 32 "A";
    .port_info 1 /INPUT 32 "B";
    .port_info 2 /OUTPUT 32 "result";
P_0000020cd7df1860 .param/l "XLEN" 0 4 23, +C4<00000000000000000000000000100000>;
o0000020cd7df7528 .functor BUFZ 32, C4<zzzzzzzzzzzzzzzzzzzzzzzzzzzzzzzz>; HiZ drive
v0000020cd7e50a50_0 .net "A", 31 0, o0000020cd7df7528;  0 drivers
v0000020cd7e50c30_0 .var "A_Exponent", 7 0;
v0000020cd7e4f6f0_0 .var "A_Mantissa", 23 0;
v0000020cd7e50cd0_0 .var "A_sign", 0 0;
o0000020cd7df75e8 .functor BUFZ 32, C4<zzzzzzzzzzzzzzzzzzzzzzzzzzzzzzzz>; HiZ drive
v0000020cd7e51130_0 .net "B", 31 0, o0000020cd7df75e8;  0 drivers
v0000020cd7e4f790_0 .var "B_Exponent", 7 0;
v0000020cd7e50ff0_0 .var "B_Mantissa", 23 0;
v0000020cd7e51090_0 .var "B_sign", 0 0;
v0000020cd7e4f830_0 .var "Exponent", 7 0;
v0000020cd7e4f8d0_0 .var "Mantissa", 22 0;
v0000020cd7e50230_0 .var "Sign", 0 0;
v0000020cd7e4fab0_0 .var "Temp_Exponent", 7 0;
v0000020cd7e502d0_0 .var "Temp_Mantissa", 47 0;
v0000020cd7e50370_0 .var "result", 31 0;
E_0000020cd7df1360/0 .event anyedge, v0000020cd7e50a50_0, v0000020cd7e51130_0, v0000020cd7e50c30_0, v0000020cd7e4f790_0;
E_0000020cd7df1360/1 .event anyedge, v0000020cd7e4f6f0_0, v0000020cd7e50ff0_0, v0000020cd7e502d0_0, v0000020cd7e4fab0_0;
E_0000020cd7df1360/2 .event anyedge, v0000020cd7e50cd0_0, v0000020cd7e51090_0, v0000020cd7e50230_0, v0000020cd7e4f830_0;
E_0000020cd7df1360/3 .event anyedge, v0000020cd7e4f8d0_0;
E_0000020cd7df1360 .event/or E_0000020cd7df1360/0, E_0000020cd7df1360/1, E_0000020cd7df1360/2, E_0000020cd7df1360/3;
    .scope S_0000020cd7b2eb50;
T_0 ;
    %wait E_0000020cd7df18e0;
    %load/vec4 v0000020cd7de2740_0;
    %dup/vec4;
    %pushi/vec4 33554431, 8388607, 25;
    %cmp/x;
    %jmp/1 T_0.0, 4;
    %dup/vec4;
    %pushi/vec4 25165823, 4194303, 25;
    %cmp/x;
    %jmp/1 T_0.1, 4;
    %dup/vec4;
    %pushi/vec4 20971519, 2097151, 25;
    %cmp/x;
    %jmp/1 T_0.2, 4;
    %dup/vec4;
    %pushi/vec4 18874367, 1048575, 25;
    %cmp/x;
    %jmp/1 T_0.3, 4;
    %dup/vec4;
    %pushi/vec4 17825791, 524287, 25;
    %cmp/x;
    %jmp/1 T_0.4, 4;
    %dup/vec4;
    %pushi/vec4 17301503, 262143, 25;
    %cmp/x;
    %jmp/1 T_0.5, 4;
    %dup/vec4;
    %pushi/vec4 17039359, 131071, 25;
    %cmp/x;
    %jmp/1 T_0.6, 4;
    %dup/vec4;
    %pushi/vec4 16908287, 65535, 25;
    %cmp/x;
    %jmp/1 T_0.7, 4;
    %dup/vec4;
    %pushi/vec4 16842751, 32767, 25;
    %cmp/x;
    %jmp/1 T_0.8, 4;
    %dup/vec4;
    %pushi/vec4 16809983, 16383, 25;
    %cmp/x;
    %jmp/1 T_0.9, 4;
    %dup/vec4;
    %pushi/vec4 16793599, 8191, 25;
    %cmp/x;
    %jmp/1 T_0.10, 4;
    %dup/vec4;
    %pushi/vec4 16785407, 4095, 25;
    %cmp/x;
    %jmp/1 T_0.11, 4;
    %dup/vec4;
    %pushi/vec4 16781311, 2047, 25;
    %cmp/x;
    %jmp/1 T_0.12, 4;
    %dup/vec4;
    %pushi/vec4 16779263, 1023, 25;
    %cmp/x;
    %jmp/1 T_0.13, 4;
    %dup/vec4;
    %pushi/vec4 16778239, 511, 25;
    %cmp/x;
    %jmp/1 T_0.14, 4;
    %dup/vec4;
    %pushi/vec4 16777727, 255, 25;
    %cmp/x;
    %jmp/1 T_0.15, 4;
    %dup/vec4;
    %pushi/vec4 16777471, 127, 25;
    %cmp/x;
    %jmp/1 T_0.16, 4;
    %dup/vec4;
    %pushi/vec4 16777343, 63, 25;
    %cmp/x;
    %jmp/1 T_0.17, 4;
    %dup/vec4;
    %pushi/vec4 16777279, 31, 25;
    %cmp/x;
    %jmp/1 T_0.18, 4;
    %dup/vec4;
    %pushi/vec4 16777247, 15, 25;
    %cmp/x;
    %jmp/1 T_0.19, 4;
    %dup/vec4;
    %pushi/vec4 16777231, 7, 25;
    %cmp/x;
    %jmp/1 T_0.20, 4;
    %dup/vec4;
    %pushi/vec4 16777223, 3, 25;
    %cmp/x;
    %jmp/1 T_0.21, 4;
    %dup/vec4;
    %pushi/vec4 16777219, 1, 25;
    %cmp/x;
    %jmp/1 T_0.22, 4;
    %dup/vec4;
    %pushi/vec4 16777217, 0, 25;
    %cmp/x;
    %jmp/1 T_0.23, 4;
    %dup/vec4;
    %pushi/vec4 16777216, 0, 25;
    %cmp/x;
    %jmp/1 T_0.24, 4;
    %load/vec4 v0000020cd7de2740_0;
    %inv;
    %addi 1, 0, 25;
    %store/vec4 v0000020cd7de2600_0, 0, 25;
    %pushi/vec4 0, 0, 5;
    %store/vec4 v0000020cd7de1ca0_0, 0, 5;
    %jmp T_0.26;
T_0.0 ;
    %load/vec4 v0000020cd7de2740_0;
    %store/vec4 v0000020cd7de2600_0, 0, 25;
    %pushi/vec4 0, 0, 5;
    %store/vec4 v0000020cd7de1ca0_0, 0, 5;
    %jmp T_0.26;
T_0.1 ;
    %load/vec4 v0000020cd7de2740_0;
    %ix/load 4, 1, 0;
    %flag_set/imm 4, 0;
    %shiftl 4;
    %store/vec4 v0000020cd7de2600_0, 0, 25;
    %pushi/vec4 1, 0, 5;
    %store/vec4 v0000020cd7de1ca0_0, 0, 5;
    %jmp T_0.26;
T_0.2 ;
    %load/vec4 v0000020cd7de2740_0;
    %ix/load 4, 2, 0;
    %flag_set/imm 4, 0;
    %shiftl 4;
    %store/vec4 v0000020cd7de2600_0, 0, 25;
    %pushi/vec4 2, 0, 5;
    %store/vec4 v0000020cd7de1ca0_0, 0, 5;
    %jmp T_0.26;
T_0.3 ;
    %load/vec4 v0000020cd7de2740_0;
    %ix/load 4, 3, 0;
    %flag_set/imm 4, 0;
    %shiftl 4;
    %store/vec4 v0000020cd7de2600_0, 0, 25;
    %pushi/vec4 3, 0, 5;
    %store/vec4 v0000020cd7de1ca0_0, 0, 5;
    %jmp T_0.26;
T_0.4 ;
    %load/vec4 v0000020cd7de2740_0;
    %ix/load 4, 4, 0;
    %flag_set/imm 4, 0;
    %shiftl 4;
    %store/vec4 v0000020cd7de2600_0, 0, 25;
    %pushi/vec4 4, 0, 5;
    %store/vec4 v0000020cd7de1ca0_0, 0, 5;
    %jmp T_0.26;
T_0.5 ;
    %load/vec4 v0000020cd7de2740_0;
    %ix/load 4, 5, 0;
    %flag_set/imm 4, 0;
    %shiftl 4;
    %store/vec4 v0000020cd7de2600_0, 0, 25;
    %pushi/vec4 5, 0, 5;
    %store/vec4 v0000020cd7de1ca0_0, 0, 5;
    %jmp T_0.26;
T_0.6 ;
    %load/vec4 v0000020cd7de2740_0;
    %ix/load 4, 6, 0;
    %flag_set/imm 4, 0;
    %shiftl 4;
    %store/vec4 v0000020cd7de2600_0, 0, 25;
    %pushi/vec4 6, 0, 5;
    %store/vec4 v0000020cd7de1ca0_0, 0, 5;
    %jmp T_0.26;
T_0.7 ;
    %load/vec4 v0000020cd7de2740_0;
    %ix/load 4, 7, 0;
    %flag_set/imm 4, 0;
    %shiftl 4;
    %store/vec4 v0000020cd7de2600_0, 0, 25;
    %pushi/vec4 7, 0, 5;
    %store/vec4 v0000020cd7de1ca0_0, 0, 5;
    %jmp T_0.26;
T_0.8 ;
    %load/vec4 v0000020cd7de2740_0;
    %ix/load 4, 8, 0;
    %flag_set/imm 4, 0;
    %shiftl 4;
    %store/vec4 v0000020cd7de2600_0, 0, 25;
    %pushi/vec4 8, 0, 5;
    %store/vec4 v0000020cd7de1ca0_0, 0, 5;
    %jmp T_0.26;
T_0.9 ;
    %load/vec4 v0000020cd7de2740_0;
    %ix/load 4, 9, 0;
    %flag_set/imm 4, 0;
    %shiftl 4;
    %store/vec4 v0000020cd7de2600_0, 0, 25;
    %pushi/vec4 9, 0, 5;
    %store/vec4 v0000020cd7de1ca0_0, 0, 5;
    %jmp T_0.26;
T_0.10 ;
    %load/vec4 v0000020cd7de2740_0;
    %ix/load 4, 10, 0;
    %flag_set/imm 4, 0;
    %shiftl 4;
    %store/vec4 v0000020cd7de2600_0, 0, 25;
    %pushi/vec4 10, 0, 5;
    %store/vec4 v0000020cd7de1ca0_0, 0, 5;
    %jmp T_0.26;
T_0.11 ;
    %load/vec4 v0000020cd7de2740_0;
    %ix/load 4, 11, 0;
    %flag_set/imm 4, 0;
    %shiftl 4;
    %store/vec4 v0000020cd7de2600_0, 0, 25;
    %pushi/vec4 11, 0, 5;
    %store/vec4 v0000020cd7de1ca0_0, 0, 5;
    %jmp T_0.26;
T_0.12 ;
    %load/vec4 v0000020cd7de2740_0;
    %ix/load 4, 12, 0;
    %flag_set/imm 4, 0;
    %shiftl 4;
    %store/vec4 v0000020cd7de2600_0, 0, 25;
    %pushi/vec4 12, 0, 5;
    %store/vec4 v0000020cd7de1ca0_0, 0, 5;
    %jmp T_0.26;
T_0.13 ;
    %load/vec4 v0000020cd7de2740_0;
    %ix/load 4, 13, 0;
    %flag_set/imm 4, 0;
    %shiftl 4;
    %store/vec4 v0000020cd7de2600_0, 0, 25;
    %pushi/vec4 13, 0, 5;
    %store/vec4 v0000020cd7de1ca0_0, 0, 5;
    %jmp T_0.26;
T_0.14 ;
    %load/vec4 v0000020cd7de2740_0;
    %ix/load 4, 14, 0;
    %flag_set/imm 4, 0;
    %shiftl 4;
    %store/vec4 v0000020cd7de2600_0, 0, 25;
    %pushi/vec4 14, 0, 5;
    %store/vec4 v0000020cd7de1ca0_0, 0, 5;
    %jmp T_0.26;
T_0.15 ;
    %load/vec4 v0000020cd7de2740_0;
    %ix/load 4, 15, 0;
    %flag_set/imm 4, 0;
    %shiftl 4;
    %store/vec4 v0000020cd7de2600_0, 0, 25;
    %pushi/vec4 15, 0, 5;
    %store/vec4 v0000020cd7de1ca0_0, 0, 5;
    %jmp T_0.26;
T_0.16 ;
    %load/vec4 v0000020cd7de2740_0;
    %ix/load 4, 16, 0;
    %flag_set/imm 4, 0;
    %shiftl 4;
    %store/vec4 v0000020cd7de2600_0, 0, 25;
    %pushi/vec4 16, 0, 5;
    %store/vec4 v0000020cd7de1ca0_0, 0, 5;
    %jmp T_0.26;
T_0.17 ;
    %load/vec4 v0000020cd7de2740_0;
    %ix/load 4, 17, 0;
    %flag_set/imm 4, 0;
    %shiftl 4;
    %store/vec4 v0000020cd7de2600_0, 0, 25;
    %pushi/vec4 17, 0, 5;
    %store/vec4 v0000020cd7de1ca0_0, 0, 5;
    %jmp T_0.26;
T_0.18 ;
    %load/vec4 v0000020cd7de2740_0;
    %ix/load 4, 18, 0;
    %flag_set/imm 4, 0;
    %shiftl 4;
    %store/vec4 v0000020cd7de2600_0, 0, 25;
    %pushi/vec4 18, 0, 5;
    %store/vec4 v0000020cd7de1ca0_0, 0, 5;
    %jmp T_0.26;
T_0.19 ;
    %load/vec4 v0000020cd7de2740_0;
    %ix/load 4, 19, 0;
    %flag_set/imm 4, 0;
    %shiftl 4;
    %store/vec4 v0000020cd7de2600_0, 0, 25;
    %pushi/vec4 19, 0, 5;
    %store/vec4 v0000020cd7de1ca0_0, 0, 5;
    %jmp T_0.26;
T_0.20 ;
    %load/vec4 v0000020cd7de2740_0;
    %ix/load 4, 20, 0;
    %flag_set/imm 4, 0;
    %shiftl 4;
    %store/vec4 v0000020cd7de2600_0, 0, 25;
    %pushi/vec4 20, 0, 5;
    %store/vec4 v0000020cd7de1ca0_0, 0, 5;
    %jmp T_0.26;
T_0.21 ;
    %load/vec4 v0000020cd7de2740_0;
    %ix/load 4, 21, 0;
    %flag_set/imm 4, 0;
    %shiftl 4;
    %store/vec4 v0000020cd7de2600_0, 0, 25;
    %pushi/vec4 21, 0, 5;
    %store/vec4 v0000020cd7de1ca0_0, 0, 5;
    %jmp T_0.26;
T_0.22 ;
    %load/vec4 v0000020cd7de2740_0;
    %ix/load 4, 22, 0;
    %flag_set/imm 4, 0;
    %shiftl 4;
    %store/vec4 v0000020cd7de2600_0, 0, 25;
    %pushi/vec4 22, 0, 5;
    %store/vec4 v0000020cd7de1ca0_0, 0, 5;
    %jmp T_0.26;
T_0.23 ;
    %load/vec4 v0000020cd7de2740_0;
    %ix/load 4, 23, 0;
    %flag_set/imm 4, 0;
    %shiftl 4;
    %store/vec4 v0000020cd7de2600_0, 0, 25;
    %pushi/vec4 23, 0, 5;
    %store/vec4 v0000020cd7de1ca0_0, 0, 5;
    %jmp T_0.26;
T_0.24 ;
    %load/vec4 v0000020cd7de2740_0;
    %ix/load 4, 24, 0;
    %flag_set/imm 4, 0;
    %shiftl 4;
    %store/vec4 v0000020cd7de2600_0, 0, 25;
    %pushi/vec4 24, 0, 5;
    %store/vec4 v0000020cd7de1ca0_0, 0, 5;
    %jmp T_0.26;
T_0.26 ;
    %pop/vec4 1;
    %jmp T_0;
    .thread T_0, $push;
    .scope S_0000020cd7dc9660;
T_1 ;
    %wait E_0000020cd7df1360;
    %pushi/vec4 1, 0, 1;
    %load/vec4 v0000020cd7e50a50_0;
    %parti/s 23, 0, 2;
    %concat/vec4; draw_concat_vec4
    %store/vec4 v0000020cd7e4f6f0_0, 0, 24;
    %load/vec4 v0000020cd7e50a50_0;
    %parti/s 8, 23, 6;
    %store/vec4 v0000020cd7e50c30_0, 0, 8;
    %load/vec4 v0000020cd7e50a50_0;
    %parti/s 1, 31, 6;
    %store/vec4 v0000020cd7e50cd0_0, 0, 1;
    %pushi/vec4 1, 0, 1;
    %load/vec4 v0000020cd7e51130_0;
    %parti/s 23, 0, 2;
    %concat/vec4; draw_concat_vec4
    %store/vec4 v0000020cd7e50ff0_0, 0, 24;
    %load/vec4 v0000020cd7e51130_0;
    %parti/s 8, 23, 6;
    %store/vec4 v0000020cd7e4f790_0, 0, 8;
    %load/vec4 v0000020cd7e51130_0;
    %parti/s 1, 31, 6;
    %store/vec4 v0000020cd7e51090_0, 0, 1;
    %load/vec4 v0000020cd7e50c30_0;
    %load/vec4 v0000020cd7e4f790_0;
    %add;
    %subi 127, 0, 8;
    %store/vec4 v0000020cd7e4fab0_0, 0, 8;
    %load/vec4 v0000020cd7e4f6f0_0;
    %pad/u 48;
    %load/vec4 v0000020cd7e50ff0_0;
    %pad/u 48;
    %mul;
    %store/vec4 v0000020cd7e502d0_0, 0, 48;
    %load/vec4 v0000020cd7e502d0_0;
    %parti/s 1, 47, 7;
    %flag_set/vec4 8;
    %jmp/0 T_1.0, 8;
    %load/vec4 v0000020cd7e502d0_0;
    %parti/s 23, 24, 6;
    %jmp/1 T_1.1, 8;
T_1.0 ; End of true expr.
    %load/vec4 v0000020cd7e502d0_0;
    %parti/s 23, 23, 6;
    %jmp/0 T_1.1, 8;
 ; End of false expr.
    %blend;
T_1.1;
    %store/vec4 v0000020cd7e4f8d0_0, 0, 23;
    %load/vec4 v0000020cd7e502d0_0;
    %parti/s 1, 47, 7;
    %flag_set/vec4 8;
    %jmp/0 T_1.2, 8;
    %load/vec4 v0000020cd7e4fab0_0;
    %addi 1, 0, 8;
    %jmp/1 T_1.3, 8;
T_1.2 ; End of true expr.
    %load/vec4 v0000020cd7e4fab0_0;
    %jmp/0 T_1.3, 8;
 ; End of false expr.
    %blend;
T_1.3;
    %store/vec4 v0000020cd7e4f830_0, 0, 8;
    %load/vec4 v0000020cd7e50cd0_0;
    %load/vec4 v0000020cd7e51090_0;
    %xor;
    %store/vec4 v0000020cd7e50230_0, 0, 1;
    %load/vec4 v0000020cd7e50230_0;
    %load/vec4 v0000020cd7e4f830_0;
    %concat/vec4; draw_concat_vec4
    %load/vec4 v0000020cd7e4f8d0_0;
    %concat/vec4; draw_concat_vec4
    %store/vec4 v0000020cd7e50370_0, 0, 32;
    %jmp T_1;
    .thread T_1, $push;
# The file index is used to find the file name in the following table.
:file_names 5;
    "N/A";
    "<interactive>";
    "./AdditionSubtraction.v";
    "./PriorityEncoder.v";
    "./FloatMul.v";
