#! /c/Source/iverilog-install/bin/vvp
:ivl_version "12.0 (devel)" "(s20150603-1539-g2693dd32b)";
:ivl_delay_selection "TYPICAL";
:vpi_time_precision - 12;
:vpi_module "C:\iverilog\lib\ivl\system.vpi";
:vpi_module "C:\iverilog\lib\ivl\vhdl_sys.vpi";
:vpi_module "C:\iverilog\lib\ivl\vhdl_textio.vpi";
:vpi_module "C:\iverilog\lib\ivl\v2005_math.vpi";
:vpi_module "C:\iverilog\lib\ivl\va_math.vpi";
S_000001afa26c9340 .scope module, "NNRelu1" "NNRelu1" 2 27;
 .timescale -9 -12;
    .port_info 0 /INPUT 32 "xi";
    .port_info 1 /INPUT 14 "counter";
    .port_info 2 /INPUT 1 "clk";
    .port_info 3 /OUTPUT 1 "eoc";
    .port_info 4 /OUTPUT 32 "out";
P_000001afa26fd100 .param/l "N" 0 2 27, +C4<00000000000000000011000000000000>;
L_000001afa26efc20 .functor BUFZ 32, v000001afa2763160_0, C4<00000000000000000000000000000000>, C4<00000000000000000000000000000000>, C4<00000000000000000000000000000000>;
v000001afa2762760_0 .var "Acc", 31 0;
v000001afa2762080_0 .var "AddReg", 31 0;
v000001afa2762e40_0 .net "ResAdd", 31 0, L_000001afa2766d10;  1 drivers
v000001afa27635c0_0 .net "ResMul", 31 0, v000001afa2762c60_0;  1 drivers
v000001afa2763480_0 .net *"_ivl_16", 14 0, L_000001afa2767170;  1 drivers
L_000001afa2770700 .functor BUFT 1, C4<0>, C4<0>, C4<0>, C4<0>;
v000001afa2763ca0_0 .net *"_ivl_19", 0 0, L_000001afa2770700;  1 drivers
v000001afa2763660_0 .net "bias", 31 0, v000001afa2763200_0;  1 drivers
v000001afa2763d40_0 .var "biasreg", 31 0;
o000001afa270c2b8 .functor BUFZ 1, C4<z>; HiZ drive
v000001afa2762940_0 .net "clk", 0 0, o000001afa270c2b8;  0 drivers
o000001afa270c498 .functor BUFZ 14, C4<zzzzzzzzzzzzzz>; HiZ drive
v000001afa2762620_0 .net "counter", 13 0, o000001afa270c498;  0 drivers
v000001afa2763520_0 .var "eoc", 0 0;
v000001afa2763de0_0 .net "out", 31 0, L_000001afa26efc20;  1 drivers
v000001afa2763160_0 .var "relu", 31 0;
v000001afa27624e0_0 .net "weight", 31 0, v000001afa2762a80_0;  1 drivers
v000001afa27623a0 .array "weight_mem", 0 12287, 31 0;
o000001afa270bf58 .functor BUFZ 32, C4<zzzzzzzzzzzzzzzzzzzzzzzzzzzzzzzz>; HiZ drive
v000001afa2762d00_0 .net "xi", 31 0, o000001afa270bf58;  0 drivers
L_000001afa2767670 .array/port v000001afa27623a0, L_000001afa2767170;
L_000001afa2767170 .concat [ 14 1 0 0], o000001afa270c498, L_000001afa2770700;
S_000001afa26c94d0 .scope module, "FA" "AdditionSubtraction" 2 52, 3 4 0, S_000001afa26c9340;
 .timescale -9 -12;
    .port_info 0 /INPUT 32 "a";
    .port_info 1 /INPUT 32 "b";
    .port_info 2 /INPUT 1 "AddBar_Sub";
    .port_info 3 /OUTPUT 32 "result";
L_000001afa27020c0 .functor XOR 1, L_000001afa2765520, L_000001afa2765ca0, C4<0>, C4<0>;
L_000001afa2702050 .functor XOR 1, L_000001afa2765340, L_000001afa2765ac0, C4<0>, C4<0>;
L_000001afa2702520 .functor NOT 1, L_000001afa2702050, C4<0>, C4<0>, C4<0>;
L_000001afa2702210 .functor AND 1, L_000001afa2764e40, L_000001afa2768e70, C4<1>, C4<1>;
L_000001afa2702280 .functor AND 1, L_000001afa2764e40, L_000001afa2764ee0, C4<1>, C4<1>;
L_000001afa27022f0 .functor NOT 24, L_000001afa2766100, C4<000000000000000000000000>, C4<000000000000000000000000>, C4<000000000000000000000000>;
L_000001afa2702360 .functor BUFZ 8, L_000001afa2767990, C4<00000000>, C4<00000000>, C4<00000000>;
L_000001afa2769500 .functor BUFT 1, L_000001afa2765de0, C4<0>, C4<0>, C4<0>;
L_000001afa2768e70 .functor BUFT 1, L_000001afa2702520, C4<0>, C4<0>, C4<0>;
L_000001afa2770628 .functor BUFT 1, C4<0>, C4<0>, C4<0>, C4<0>;
v000001afa26f6480_0 .net "AddBar_Sub", 0 0, L_000001afa2770628;  1 drivers
v000001afa26f6520_0 .net "Comp_enable", 0 0, L_000001afa2762440;  1 drivers
L_000001afa27701a8 .functor BUFT 1, C4<1>, C4<0>, C4<0>, C4<0>;
v000001afa26f67a0_0 .net/2u *"_ivl_10", 0 0, L_000001afa27701a8;  1 drivers
v000001afa26f68e0_0 .net *"_ivl_101", 7 0, L_000001afa2765d40;  1 drivers
v000001afa26b3140_0 .net *"_ivl_105", 7 0, L_000001afa2765700;  1 drivers
v000001afa26b3be0_0 .net *"_ivl_108", 0 0, L_000001afa2702210;  1 drivers
v000001afa275ef60_0 .net *"_ivl_110", 24 0, L_000001afa2765e80;  1 drivers
L_000001afa2770358 .functor BUFT 1, C4<0>, C4<0>, C4<0>, C4<0>;
v000001afa275faa0_0 .net *"_ivl_113", 0 0, L_000001afa2770358;  1 drivers
v000001afa275ea60_0 .net *"_ivl_114", 24 0, L_000001afa2764d00;  1 drivers
L_000001afa27703a0 .functor BUFT 1, C4<0>, C4<0>, C4<0>, C4<0>;
v000001afa275fbe0_0 .net *"_ivl_117", 0 0, L_000001afa27703a0;  1 drivers
v000001afa275f000_0 .net *"_ivl_118", 24 0, L_000001afa27666a0;  1 drivers
v000001afa275eba0_0 .net *"_ivl_12", 64 0, L_000001afa27630c0;  1 drivers
L_000001afa27703e8 .functor BUFT 1, C4<0000000000000000000000000>, C4<0>, C4<0>, C4<0>;
v000001afa275eb00_0 .net/2u *"_ivl_120", 24 0, L_000001afa27703e8;  1 drivers
v000001afa275f820_0 .net *"_ivl_127", 0 0, L_000001afa2764b20;  1 drivers
v000001afa275e920_0 .net *"_ivl_129", 22 0, L_000001afa2766600;  1 drivers
v000001afa275ff00_0 .net *"_ivl_131", 22 0, L_000001afa2765f20;  1 drivers
v000001afa275e6a0_0 .net *"_ivl_132", 22 0, L_000001afa27657a0;  1 drivers
v000001afa275e380_0 .net *"_ivl_138", 0 0, L_000001afa2764a80;  1 drivers
L_000001afa2770430 .functor BUFT 1, C4<00000001>, C4<0>, C4<0>, C4<0>;
v000001afa275e4c0_0 .net/2u *"_ivl_139", 7 0, L_000001afa2770430;  1 drivers
L_000001afa27701f0 .functor BUFT 1, C4<0>, C4<0>, C4<0>, C4<0>;
v000001afa275f0a0_0 .net/2u *"_ivl_14", 0 0, L_000001afa27701f0;  1 drivers
v000001afa275e240_0 .net *"_ivl_142", 7 0, L_000001afa27661a0;  1 drivers
v000001afa275ece0_0 .net *"_ivl_143", 7 0, L_000001afa2764f80;  1 drivers
v000001afa275fdc0_0 .net *"_ivl_146", 7 0, L_000001afa2764c60;  1 drivers
v000001afa275f640_0 .net *"_ivl_147", 7 0, L_000001afa2765840;  1 drivers
v000001afa275f140_0 .net *"_ivl_150", 0 0, L_000001afa2764ee0;  1 drivers
v000001afa275e2e0_0 .net *"_ivl_151", 0 0, L_000001afa2702280;  1 drivers
v000001afa275e1a0_0 .net *"_ivl_153", 23 0, L_000001afa27022f0;  1 drivers
L_000001afa2770478 .functor BUFT 1, C4<000000000000000000000001>, C4<0>, C4<0>, C4<0>;
v000001afa275ec40_0 .net/2u *"_ivl_155", 23 0, L_000001afa2770478;  1 drivers
v000001afa275fd20_0 .net *"_ivl_157", 23 0, L_000001afa2765020;  1 drivers
L_000001afa27704c0 .functor BUFT 1, C4<000000000000000000000000>, C4<0>, C4<0>, C4<0>;
v000001afa275e9c0_0 .net/2u *"_ivl_159", 23 0, L_000001afa27704c0;  1 drivers
v000001afa275ed80_0 .net *"_ivl_16", 64 0, L_000001afa2763700;  1 drivers
v000001afa275e420_0 .net *"_ivl_163", 24 0, L_000001afa2765980;  1 drivers
L_000001afa2770508 .functor BUFT 1, C4<0>, C4<0>, C4<0>, C4<0>;
v000001afa275e740_0 .net *"_ivl_166", 0 0, L_000001afa2770508;  1 drivers
v000001afa275fc80_0 .net *"_ivl_167", 24 0, L_000001afa2768750;  1 drivers
L_000001afa2770550 .functor BUFT 1, C4<0>, C4<0>, C4<0>, C4<0>;
v000001afa275ee20_0 .net *"_ivl_170", 0 0, L_000001afa2770550;  1 drivers
v000001afa275e560_0 .net *"_ivl_171", 24 0, L_000001afa2767d50;  1 drivers
L_000001afa2770598 .functor BUFT 1, C4<0000000000000000000000000>, C4<0>, C4<0>, C4<0>;
v000001afa275e600_0 .net/2u *"_ivl_173", 24 0, L_000001afa2770598;  1 drivers
v000001afa275fb40_0 .net *"_ivl_18", 64 0, L_000001afa27637a0;  1 drivers
v000001afa275eec0_0 .net *"_ivl_182", 7 0, L_000001afa2702360;  1 drivers
v000001afa275f320_0 .net *"_ivl_187", 22 0, L_000001afa2767350;  1 drivers
v000001afa275e7e0_0 .net *"_ivl_189", 0 0, L_000001afa2766c70;  1 drivers
v000001afa275e880_0 .net *"_ivl_190", 31 0, L_000001afa2766e50;  1 drivers
v000001afa275f1e0_0 .net *"_ivl_192", 31 0, L_000001afa2768070;  1 drivers
v000001afa275f280_0 .net *"_ivl_21", 7 0, L_000001afa2762580;  1 drivers
v000001afa275f3c0_0 .net *"_ivl_25", 7 0, L_000001afa2762bc0;  1 drivers
v000001afa275fe60_0 .net *"_ivl_29", 0 0, L_000001afa2766060;  1 drivers
v000001afa275f6e0_0 .net *"_ivl_31", 0 0, L_000001afa2766560;  1 drivers
v000001afa275f460_0 .net *"_ivl_33", 0 0, L_000001afa27662e0;  1 drivers
v000001afa275f500_0 .net *"_ivl_34", 0 0, L_000001afa2765200;  1 drivers
v000001afa275f5a0_0 .net *"_ivl_37", 0 0, L_000001afa2765de0;  1 drivers
v000001afa275f780_0 .net *"_ivl_41", 0 0, L_000001afa2765520;  1 drivers
v000001afa275e060_0 .net *"_ivl_43", 0 0, L_000001afa2765ca0;  1 drivers
v000001afa275f8c0_0 .net *"_ivl_44", 0 0, L_000001afa27020c0;  1 drivers
v000001afa275f960_0 .net *"_ivl_47", 0 0, L_000001afa2765340;  1 drivers
v000001afa275fa00_0 .net *"_ivl_49", 0 0, L_000001afa2765ac0;  1 drivers
v000001afa275e100_0 .net *"_ivl_5", 30 0, L_000001afa27621c0;  1 drivers
v000001afa2761830_0 .net *"_ivl_50", 0 0, L_000001afa2702050;  1 drivers
v000001afa27618d0_0 .net *"_ivl_52", 0 0, L_000001afa2702520;  1 drivers
v000001afa2761b50_0 .net *"_ivl_57", 7 0, L_000001afa27653e0;  1 drivers
v000001afa2760070_0 .net *"_ivl_59", 0 0, L_000001afa27655c0;  1 drivers
L_000001afa2770238 .functor BUFT 1, C4<1>, C4<0>, C4<0>, C4<0>;
v000001afa2761bf0_0 .net/2u *"_ivl_60", 0 0, L_000001afa2770238;  1 drivers
v000001afa2760ed0_0 .net *"_ivl_63", 22 0, L_000001afa2765c00;  1 drivers
v000001afa27613d0_0 .net *"_ivl_64", 23 0, L_000001afa2765660;  1 drivers
L_000001afa2770280 .functor BUFT 1, C4<0>, C4<0>, C4<0>, C4<0>;
v000001afa2760610_0 .net/2u *"_ivl_66", 0 0, L_000001afa2770280;  1 drivers
v000001afa2760bb0_0 .net *"_ivl_69", 22 0, L_000001afa27652a0;  1 drivers
v000001afa2761a10_0 .net *"_ivl_7", 30 0, L_000001afa2762260;  1 drivers
v000001afa2760cf0_0 .net *"_ivl_70", 23 0, L_000001afa2766380;  1 drivers
v000001afa2760570_0 .net *"_ivl_75", 7 0, L_000001afa2765b60;  1 drivers
v000001afa2760e30_0 .net *"_ivl_77", 0 0, L_000001afa2765480;  1 drivers
L_000001afa27702c8 .functor BUFT 1, C4<1>, C4<0>, C4<0>, C4<0>;
v000001afa2761150_0 .net/2u *"_ivl_78", 0 0, L_000001afa27702c8;  1 drivers
v000001afa2760b10_0 .net *"_ivl_8", 0 0, L_000001afa27629e0;  1 drivers
v000001afa2760d90_0 .net *"_ivl_81", 22 0, L_000001afa27648a0;  1 drivers
v000001afa2760110_0 .net *"_ivl_82", 23 0, L_000001afa2766240;  1 drivers
L_000001afa2770310 .functor BUFT 1, C4<0>, C4<0>, C4<0>, C4<0>;
v000001afa27604d0_0 .net/2u *"_ivl_84", 0 0, L_000001afa2770310;  1 drivers
v000001afa2760f70_0 .net *"_ivl_87", 22 0, L_000001afa2764da0;  1 drivers
v000001afa27606b0_0 .net *"_ivl_88", 23 0, L_000001afa27664c0;  1 drivers
v000001afa2761c90_0 .net *"_ivl_93", 7 0, L_000001afa27650c0;  1 drivers
v000001afa2761470_0 .net *"_ivl_95", 7 0, L_000001afa2764940;  1 drivers
v000001afa2760c50_0 .net "a", 31 0, v000001afa2763200_0;  alias, 1 drivers
v000001afa2760390_0 .net "add_sum", 30 0, L_000001afa27649e0;  1 drivers
v000001afa2761d30_0 .net "b", 31 0, v000001afa2762080_0;  1 drivers
v000001afa2760750_0 .net "exp_a", 0 0, L_000001afa2762b20;  1 drivers
v000001afa2761290_0 .net "exp_b", 0 0, L_000001afa2765160;  1 drivers
v000001afa2761dd0_0 .net "exponent_b_add_sub", 7 0, L_000001afa2765fc0;  1 drivers
v000001afa2761010_0 .net "exponent_diff", 7 0, L_000001afa2766740;  1 drivers
v000001afa27601b0_0 .net "exponent_sub", 7 0, L_000001afa2767990;  1 drivers
v000001afa2761e70_0 .net "mantissa_a", 23 0, L_000001afa2766420;  1 drivers
v000001afa27610b0_0 .net "mantissa_add", 24 0, L_000001afa2764bc0;  1 drivers
v000001afa2761f10_0 .net "mantissa_b", 23 0, L_000001afa2765a20;  1 drivers
v000001afa27615b0_0 .net "mantissa_b_add_sub", 23 0, L_000001afa2766100;  1 drivers
v000001afa2760250_0 .net "mantissa_sub", 24 0, L_000001afa2767030;  1 drivers
v000001afa2761790_0 .net "mantissa_sub_complement", 23 0, L_000001afa27658e0;  1 drivers
v000001afa27602f0_0 .net "operand_a", 31 0, L_000001afa27626c0;  1 drivers
v000001afa2760a70_0 .net "operand_b", 31 0, L_000001afa2762120;  1 drivers
v000001afa2760930_0 .net "operation_sub_addBar", 0 0, L_000001afa2768e70;  1 drivers
v000001afa2761650_0 .net "output_sign", 0 0, L_000001afa2769500;  1 drivers
v000001afa2761510_0 .net "perform", 0 0, L_000001afa2764e40;  1 drivers
v000001afa27611f0_0 .net "result", 31 0, L_000001afa2766d10;  alias, 1 drivers
v000001afa27607f0_0 .net "sub_diff", 30 0, L_000001afa2766db0;  1 drivers
v000001afa27616f0_0 .net "subtraction_diff", 24 0, v000001afa26f6160_0;  1 drivers
L_000001afa2762440 .part L_000001afa27637a0, 64, 1;
L_000001afa27626c0 .part L_000001afa27637a0, 32, 32;
L_000001afa2762120 .part L_000001afa27637a0, 0, 32;
L_000001afa27621c0 .part v000001afa2763200_0, 0, 31;
L_000001afa2762260 .part v000001afa2762080_0, 0, 31;
L_000001afa27629e0 .cmp/gt 31, L_000001afa2762260, L_000001afa27621c0;
L_000001afa27630c0 .concat [ 32 32 1 0], v000001afa2763200_0, v000001afa2762080_0, L_000001afa27701a8;
L_000001afa2763700 .concat [ 32 32 1 0], v000001afa2762080_0, v000001afa2763200_0, L_000001afa27701f0;
L_000001afa27637a0 .functor MUXZ 65, L_000001afa2763700, L_000001afa27630c0, L_000001afa27629e0, C4<>;
L_000001afa2762580 .part L_000001afa27626c0, 23, 8;
L_000001afa2762b20 .part L_000001afa2762580, 0, 1;
L_000001afa2762bc0 .part L_000001afa2762120, 23, 8;
L_000001afa2765160 .part L_000001afa2762bc0, 0, 1;
L_000001afa2766060 .part L_000001afa27626c0, 31, 1;
L_000001afa2766560 .reduce/nor L_000001afa2766060;
L_000001afa27662e0 .part L_000001afa27626c0, 31, 1;
L_000001afa2765200 .functor MUXZ 1, L_000001afa27662e0, L_000001afa2766560, L_000001afa2762440, C4<>;
L_000001afa2765de0 .part L_000001afa27626c0, 31, 1;
L_000001afa2765520 .part L_000001afa27626c0, 31, 1;
L_000001afa2765ca0 .part L_000001afa2762120, 31, 1;
L_000001afa2765340 .part L_000001afa27626c0, 31, 1;
L_000001afa2765ac0 .part L_000001afa2762120, 31, 1;
L_000001afa27653e0 .part L_000001afa27626c0, 23, 8;
L_000001afa27655c0 .reduce/or L_000001afa27653e0;
L_000001afa2765c00 .part L_000001afa27626c0, 0, 23;
L_000001afa2765660 .concat [ 23 1 0 0], L_000001afa2765c00, L_000001afa2770238;
L_000001afa27652a0 .part L_000001afa27626c0, 0, 23;
L_000001afa2766380 .concat [ 23 1 0 0], L_000001afa27652a0, L_000001afa2770280;
L_000001afa2766420 .functor MUXZ 24, L_000001afa2766380, L_000001afa2765660, L_000001afa27655c0, C4<>;
L_000001afa2765b60 .part L_000001afa2762120, 23, 8;
L_000001afa2765480 .reduce/or L_000001afa2765b60;
L_000001afa27648a0 .part L_000001afa2762120, 0, 23;
L_000001afa2766240 .concat [ 23 1 0 0], L_000001afa27648a0, L_000001afa27702c8;
L_000001afa2764da0 .part L_000001afa2762120, 0, 23;
L_000001afa27664c0 .concat [ 23 1 0 0], L_000001afa2764da0, L_000001afa2770310;
L_000001afa2765a20 .functor MUXZ 24, L_000001afa27664c0, L_000001afa2766240, L_000001afa2765480, C4<>;
L_000001afa27650c0 .part L_000001afa27626c0, 23, 8;
L_000001afa2764940 .part L_000001afa2762120, 23, 8;
L_000001afa2766740 .arith/sub 8, L_000001afa27650c0, L_000001afa2764940;
L_000001afa2766100 .shift/r 24, L_000001afa2765a20, L_000001afa2766740;
L_000001afa2765d40 .part L_000001afa2762120, 23, 8;
L_000001afa2765fc0 .arith/sum 8, L_000001afa2765d40, L_000001afa2766740;
L_000001afa2765700 .part L_000001afa27626c0, 23, 8;
L_000001afa2764e40 .cmp/eq 8, L_000001afa2765700, L_000001afa2765fc0;
L_000001afa2765e80 .concat [ 24 1 0 0], L_000001afa2766420, L_000001afa2770358;
L_000001afa2764d00 .concat [ 24 1 0 0], L_000001afa2766100, L_000001afa27703a0;
L_000001afa27666a0 .arith/sum 25, L_000001afa2765e80, L_000001afa2764d00;
L_000001afa2764bc0 .functor MUXZ 25, L_000001afa27703e8, L_000001afa27666a0, L_000001afa2702210, C4<>;
L_000001afa2764b20 .part L_000001afa2764bc0, 24, 1;
L_000001afa2766600 .part L_000001afa2764bc0, 1, 23;
L_000001afa2765f20 .part L_000001afa2764bc0, 0, 23;
L_000001afa27657a0 .functor MUXZ 23, L_000001afa2765f20, L_000001afa2766600, L_000001afa2764b20, C4<>;
L_000001afa27649e0 .concat8 [ 23 8 0 0], L_000001afa27657a0, L_000001afa2765840;
L_000001afa2764a80 .part L_000001afa2764bc0, 24, 1;
L_000001afa27661a0 .part L_000001afa27626c0, 23, 8;
L_000001afa2764f80 .arith/sum 8, L_000001afa2770430, L_000001afa27661a0;
L_000001afa2764c60 .part L_000001afa27626c0, 23, 8;
L_000001afa2765840 .functor MUXZ 8, L_000001afa2764c60, L_000001afa2764f80, L_000001afa2764a80, C4<>;
L_000001afa2764ee0 .reduce/nor L_000001afa2768e70;
L_000001afa2765020 .arith/sum 24, L_000001afa27022f0, L_000001afa2770478;
L_000001afa27658e0 .functor MUXZ 24, L_000001afa27704c0, L_000001afa2765020, L_000001afa2702280, C4<>;
L_000001afa2765980 .concat [ 24 1 0 0], L_000001afa2766420, L_000001afa2770508;
L_000001afa2768750 .concat [ 24 1 0 0], L_000001afa27658e0, L_000001afa2770550;
L_000001afa2767d50 .arith/sum 25, L_000001afa2765980, L_000001afa2768750;
L_000001afa2767030 .functor MUXZ 25, L_000001afa2770598, L_000001afa2767d50, L_000001afa2764e40, C4<>;
L_000001afa2767f30 .part L_000001afa27626c0, 23, 8;
L_000001afa2766db0 .concat8 [ 23 8 0 0], L_000001afa2767350, L_000001afa2702360;
L_000001afa2767350 .part v000001afa26f6160_0, 0, 23;
L_000001afa2766c70 .reduce/nor L_000001afa2768e70;
L_000001afa2766e50 .concat [ 31 1 0 0], L_000001afa2766db0, L_000001afa2769500;
L_000001afa2768070 .concat [ 31 1 0 0], L_000001afa27649e0, L_000001afa2769500;
L_000001afa2766d10 .functor MUXZ 32, L_000001afa2768070, L_000001afa2766e50, L_000001afa2766c70, C4<>;
S_000001afa26df220 .scope module, "pe" "priority_encoder" 3 92, 4 6 0, S_000001afa26c94d0;
 .timescale -9 -12;
    .port_info 0 /INPUT 25 "mantissa";
    .port_info 1 /INPUT 8 "Exponent_a";
    .port_info 2 /OUTPUT 25 "Mantissa";
    .port_info 3 /OUTPUT 8 "Exponent_sub";
v000001afa26f60c0_0 .net "Exponent_a", 7 0, L_000001afa2767f30;  1 drivers
v000001afa26f6660_0 .net "Exponent_sub", 7 0, L_000001afa2767990;  alias, 1 drivers
v000001afa26f6160_0 .var "Mantissa", 24 0;
v000001afa26f6200_0 .net *"_ivl_0", 7 0, L_000001afa2767cb0;  1 drivers
L_000001afa27705e0 .functor BUFT 1, C4<000>, C4<0>, C4<0>, C4<0>;
v000001afa26f6340_0 .net *"_ivl_3", 2 0, L_000001afa27705e0;  1 drivers
v000001afa26f6700_0 .net "mantissa", 24 0, L_000001afa2767030;  alias, 1 drivers
v000001afa26f63e0_0 .var "shift", 4 0;
E_000001afa26fd800 .event anyedge, v000001afa26f6700_0;
L_000001afa2767cb0 .concat [ 5 3 0 0], v000001afa26f63e0_0, L_000001afa27705e0;
L_000001afa2767990 .arith/sub 8, L_000001afa2767f30, L_000001afa2767cb0;
S_000001afa26df3b0 .scope module, "FM" "FloatMul" 2 50, 5 23 0, S_000001afa26c9340;
 .timescale -9 -12;
    .port_info 0 /INPUT 32 "A";
    .port_info 1 /INPUT 32 "B";
    .port_info 2 /OUTPUT 32 "result";
P_000001afa26fdc00 .param/l "XLEN" 0 5 23, +C4<00000000000000000000000000100000>;
v000001afa2760430_0 .net "A", 31 0, o000001afa270bf58;  alias, 0 drivers
v000001afa2761330_0 .var "A_Exponent", 7 0;
v000001afa2760890_0 .var "A_Mantissa", 23 0;
v000001afa2761970_0 .var "A_sign", 0 0;
v000001afa27609d0_0 .net "B", 31 0, v000001afa2762a80_0;  alias, 1 drivers
v000001afa2761ab0_0 .var "B_Exponent", 7 0;
v000001afa2762ee0_0 .var "B_Mantissa", 23 0;
v000001afa27633e0_0 .var "B_sign", 0 0;
v000001afa2762800_0 .var "Exponent", 7 0;
v000001afa2763a20_0 .var "Mantissa", 22 0;
v000001afa2762f80_0 .var "Sign", 0 0;
v000001afa2762da0_0 .var "Temp_Exponent", 7 0;
v000001afa27628a0_0 .var "Temp_Mantissa", 47 0;
v000001afa2762c60_0 .var "result", 31 0;
E_000001afa26fdb00/0 .event anyedge, v000001afa2760430_0, v000001afa27609d0_0, v000001afa2761330_0, v000001afa2761ab0_0;
E_000001afa26fdb00/1 .event anyedge, v000001afa2760890_0, v000001afa2762ee0_0, v000001afa27628a0_0, v000001afa2762da0_0;
E_000001afa26fdb00/2 .event anyedge, v000001afa2761970_0, v000001afa27633e0_0, v000001afa2762f80_0, v000001afa2762800_0;
E_000001afa26fdb00/3 .event anyedge, v000001afa2763a20_0;
E_000001afa26fdb00 .event/or E_000001afa26fdb00/0, E_000001afa26fdb00/1, E_000001afa26fdb00/2, E_000001afa26fdb00/3;
S_000001afa266eb00 .scope module, "bram" "BiasRAM" 2 48, 6 8 0, S_000001afa26c9340;
 .timescale -9 -12;
    .port_info 0 /INPUT 1 "clk";
    .port_info 1 /INPUT 1 "we";
    .port_info 2 /INPUT 1 "en";
    .port_info 3 /INPUT 4 "addr";
    .port_info 4 /INPUT 32 "di";
    .port_info 5 /OUTPUT 32 "dout";
v000001afa2763840 .array "RAM", 0 74000, 31 0;
L_000001afa2770118 .functor BUFT 1, C4<0000>, C4<0>, C4<0>, C4<0>;
v000001afa2763e80_0 .net "addr", 3 0, L_000001afa2770118;  1 drivers
v000001afa27638e0_0 .net "clk", 0 0, o000001afa270c2b8;  alias, 0 drivers
L_000001afa2770160 .functor BUFT 1, C4<00000000000000000000000000000001>, C4<0>, C4<0>, C4<0>;
v000001afa2763980_0 .net "di", 31 0, L_000001afa2770160;  1 drivers
v000001afa2763200_0 .var "dout", 31 0;
L_000001afa27700d0 .functor BUFT 1, C4<1>, C4<0>, C4<0>, C4<0>;
v000001afa2762300_0 .net "en", 0 0, L_000001afa27700d0;  1 drivers
L_000001afa2770088 .functor BUFT 1, C4<0>, C4<0>, C4<0>, C4<0>;
v000001afa2763020_0 .net "we", 0 0, L_000001afa2770088;  1 drivers
E_000001afa26fdbc0 .event posedge, v000001afa27638e0_0;
S_000001afa266ec90 .scope module, "ram" "RAM" 2 56, 7 8 0, S_000001afa26c9340;
 .timescale -9 -12;
    .port_info 0 /INPUT 1 "clk";
    .port_info 1 /INPUT 1 "we";
    .port_info 2 /INPUT 1 "en";
    .port_info 3 /INPUT 14 "addr";
    .port_info 4 /INPUT 32 "di";
    .port_info 5 /OUTPUT 32 "dout";
v000001afa27632a0 .array "RAM", 0 74000, 31 0;
v000001afa2763ac0_0 .net "addr", 13 0, o000001afa270c498;  alias, 0 drivers
v000001afa2763b60_0 .net "clk", 0 0, o000001afa270c2b8;  alias, 0 drivers
v000001afa2763340_0 .net "di", 31 0, L_000001afa2767670;  1 drivers
v000001afa2762a80_0 .var "dout", 31 0;
L_000001afa27706b8 .functor BUFT 1, C4<1>, C4<0>, C4<0>, C4<0>;
v000001afa2763f20_0 .net "en", 0 0, L_000001afa27706b8;  1 drivers
L_000001afa2770670 .functor BUFT 1, C4<0>, C4<0>, C4<0>, C4<0>;
v000001afa2763c00_0 .net "we", 0 0, L_000001afa2770670;  1 drivers
    .scope S_000001afa266eb00;
T_0 ;
    %wait E_000001afa26fdbc0;
    %load/vec4 v000001afa2762300_0;
    %flag_set/vec4 8;
    %jmp/0xz  T_0.0, 8;
    %load/vec4 v000001afa2763020_0;
    %flag_set/vec4 8;
    %jmp/0xz  T_0.2, 8;
    %load/vec4 v000001afa2763980_0;
    %load/vec4 v000001afa2763e80_0;
    %pad/u 18;
    %ix/vec4 3;
    %ix/load 4, 0, 0; Constant delay
    %assign/vec4/a/d v000001afa2763840, 0, 4;
    %jmp T_0.3;
T_0.2 ;
    %load/vec4 v000001afa2763e80_0;
    %pad/u 18;
    %ix/vec4 4;
    %load/vec4a v000001afa2763840, 4;
    %assign/vec4 v000001afa2763200_0, 0;
T_0.3 ;
T_0.0 ;
    %jmp T_0;
    .thread T_0;
    .scope S_000001afa26df3b0;
T_1 ;
    %wait E_000001afa26fdb00;
    %pushi/vec4 1, 0, 1;
    %load/vec4 v000001afa2760430_0;
    %parti/s 23, 0, 2;
    %concat/vec4; draw_concat_vec4
    %store/vec4 v000001afa2760890_0, 0, 24;
    %load/vec4 v000001afa2760430_0;
    %parti/s 8, 23, 6;
    %store/vec4 v000001afa2761330_0, 0, 8;
    %load/vec4 v000001afa2760430_0;
    %parti/s 1, 31, 6;
    %store/vec4 v000001afa2761970_0, 0, 1;
    %pushi/vec4 1, 0, 1;
    %load/vec4 v000001afa27609d0_0;
    %parti/s 23, 0, 2;
    %concat/vec4; draw_concat_vec4
    %store/vec4 v000001afa2762ee0_0, 0, 24;
    %load/vec4 v000001afa27609d0_0;
    %parti/s 8, 23, 6;
    %store/vec4 v000001afa2761ab0_0, 0, 8;
    %load/vec4 v000001afa27609d0_0;
    %parti/s 1, 31, 6;
    %store/vec4 v000001afa27633e0_0, 0, 1;
    %load/vec4 v000001afa2761330_0;
    %load/vec4 v000001afa2761ab0_0;
    %add;
    %subi 127, 0, 8;
    %store/vec4 v000001afa2762da0_0, 0, 8;
    %load/vec4 v000001afa2760890_0;
    %pad/u 48;
    %load/vec4 v000001afa2762ee0_0;
    %pad/u 48;
    %mul;
    %store/vec4 v000001afa27628a0_0, 0, 48;
    %load/vec4 v000001afa27628a0_0;
    %parti/s 1, 47, 7;
    %flag_set/vec4 8;
    %jmp/0 T_1.0, 8;
    %load/vec4 v000001afa27628a0_0;
    %parti/s 23, 24, 6;
    %jmp/1 T_1.1, 8;
T_1.0 ; End of true expr.
    %load/vec4 v000001afa27628a0_0;
    %parti/s 23, 23, 6;
    %jmp/0 T_1.1, 8;
 ; End of false expr.
    %blend;
T_1.1;
    %store/vec4 v000001afa2763a20_0, 0, 23;
    %load/vec4 v000001afa27628a0_0;
    %parti/s 1, 47, 7;
    %flag_set/vec4 8;
    %jmp/0 T_1.2, 8;
    %load/vec4 v000001afa2762da0_0;
    %addi 1, 0, 8;
    %jmp/1 T_1.3, 8;
T_1.2 ; End of true expr.
    %load/vec4 v000001afa2762da0_0;
    %jmp/0 T_1.3, 8;
 ; End of false expr.
    %blend;
T_1.3;
    %store/vec4 v000001afa2762800_0, 0, 8;
    %load/vec4 v000001afa2761970_0;
    %load/vec4 v000001afa27633e0_0;
    %xor;
    %store/vec4 v000001afa2762f80_0, 0, 1;
    %load/vec4 v000001afa2762f80_0;
    %load/vec4 v000001afa2762800_0;
    %concat/vec4; draw_concat_vec4
    %load/vec4 v000001afa2763a20_0;
    %concat/vec4; draw_concat_vec4
    %store/vec4 v000001afa2762c60_0, 0, 32;
    %jmp T_1;
    .thread T_1, $push;
    .scope S_000001afa26df220;
T_2 ;
    %wait E_000001afa26fd800;
    %load/vec4 v000001afa26f6700_0;
    %dup/vec4;
    %pushi/vec4 33554431, 8388607, 25;
    %cmp/x;
    %jmp/1 T_2.0, 4;
    %dup/vec4;
    %pushi/vec4 25165823, 4194303, 25;
    %cmp/x;
    %jmp/1 T_2.1, 4;
    %dup/vec4;
    %pushi/vec4 20971519, 2097151, 25;
    %cmp/x;
    %jmp/1 T_2.2, 4;
    %dup/vec4;
    %pushi/vec4 18874367, 1048575, 25;
    %cmp/x;
    %jmp/1 T_2.3, 4;
    %dup/vec4;
    %pushi/vec4 17825791, 524287, 25;
    %cmp/x;
    %jmp/1 T_2.4, 4;
    %dup/vec4;
    %pushi/vec4 17301503, 262143, 25;
    %cmp/x;
    %jmp/1 T_2.5, 4;
    %dup/vec4;
    %pushi/vec4 17039359, 131071, 25;
    %cmp/x;
    %jmp/1 T_2.6, 4;
    %dup/vec4;
    %pushi/vec4 16908287, 65535, 25;
    %cmp/x;
    %jmp/1 T_2.7, 4;
    %dup/vec4;
    %pushi/vec4 16842751, 32767, 25;
    %cmp/x;
    %jmp/1 T_2.8, 4;
    %dup/vec4;
    %pushi/vec4 16809983, 16383, 25;
    %cmp/x;
    %jmp/1 T_2.9, 4;
    %dup/vec4;
    %pushi/vec4 16793599, 8191, 25;
    %cmp/x;
    %jmp/1 T_2.10, 4;
    %dup/vec4;
    %pushi/vec4 16785407, 4095, 25;
    %cmp/x;
    %jmp/1 T_2.11, 4;
    %dup/vec4;
    %pushi/vec4 16781311, 2047, 25;
    %cmp/x;
    %jmp/1 T_2.12, 4;
    %dup/vec4;
    %pushi/vec4 16779263, 1023, 25;
    %cmp/x;
    %jmp/1 T_2.13, 4;
    %dup/vec4;
    %pushi/vec4 16778239, 511, 25;
    %cmp/x;
    %jmp/1 T_2.14, 4;
    %dup/vec4;
    %pushi/vec4 16777727, 255, 25;
    %cmp/x;
    %jmp/1 T_2.15, 4;
    %dup/vec4;
    %pushi/vec4 16777471, 127, 25;
    %cmp/x;
    %jmp/1 T_2.16, 4;
    %dup/vec4;
    %pushi/vec4 16777343, 63, 25;
    %cmp/x;
    %jmp/1 T_2.17, 4;
    %dup/vec4;
    %pushi/vec4 16777279, 31, 25;
    %cmp/x;
    %jmp/1 T_2.18, 4;
    %dup/vec4;
    %pushi/vec4 16777247, 15, 25;
    %cmp/x;
    %jmp/1 T_2.19, 4;
    %dup/vec4;
    %pushi/vec4 16777231, 7, 25;
    %cmp/x;
    %jmp/1 T_2.20, 4;
    %dup/vec4;
    %pushi/vec4 16777223, 3, 25;
    %cmp/x;
    %jmp/1 T_2.21, 4;
    %dup/vec4;
    %pushi/vec4 16777219, 1, 25;
    %cmp/x;
    %jmp/1 T_2.22, 4;
    %dup/vec4;
    %pushi/vec4 16777217, 0, 25;
    %cmp/x;
    %jmp/1 T_2.23, 4;
    %dup/vec4;
    %pushi/vec4 16777216, 0, 25;
    %cmp/x;
    %jmp/1 T_2.24, 4;
    %load/vec4 v000001afa26f6700_0;
    %inv;
    %addi 1, 0, 25;
    %store/vec4 v000001afa26f6160_0, 0, 25;
    %pushi/vec4 0, 0, 5;
    %store/vec4 v000001afa26f63e0_0, 0, 5;
    %jmp T_2.26;
T_2.0 ;
    %load/vec4 v000001afa26f6700_0;
    %store/vec4 v000001afa26f6160_0, 0, 25;
    %pushi/vec4 0, 0, 5;
    %store/vec4 v000001afa26f63e0_0, 0, 5;
    %jmp T_2.26;
T_2.1 ;
    %load/vec4 v000001afa26f6700_0;
    %ix/load 4, 1, 0;
    %flag_set/imm 4, 0;
    %shiftl 4;
    %store/vec4 v000001afa26f6160_0, 0, 25;
    %pushi/vec4 1, 0, 5;
    %store/vec4 v000001afa26f63e0_0, 0, 5;
    %jmp T_2.26;
T_2.2 ;
    %load/vec4 v000001afa26f6700_0;
    %ix/load 4, 2, 0;
    %flag_set/imm 4, 0;
    %shiftl 4;
    %store/vec4 v000001afa26f6160_0, 0, 25;
    %pushi/vec4 2, 0, 5;
    %store/vec4 v000001afa26f63e0_0, 0, 5;
    %jmp T_2.26;
T_2.3 ;
    %load/vec4 v000001afa26f6700_0;
    %ix/load 4, 3, 0;
    %flag_set/imm 4, 0;
    %shiftl 4;
    %store/vec4 v000001afa26f6160_0, 0, 25;
    %pushi/vec4 3, 0, 5;
    %store/vec4 v000001afa26f63e0_0, 0, 5;
    %jmp T_2.26;
T_2.4 ;
    %load/vec4 v000001afa26f6700_0;
    %ix/load 4, 4, 0;
    %flag_set/imm 4, 0;
    %shiftl 4;
    %store/vec4 v000001afa26f6160_0, 0, 25;
    %pushi/vec4 4, 0, 5;
    %store/vec4 v000001afa26f63e0_0, 0, 5;
    %jmp T_2.26;
T_2.5 ;
    %load/vec4 v000001afa26f6700_0;
    %ix/load 4, 5, 0;
    %flag_set/imm 4, 0;
    %shiftl 4;
    %store/vec4 v000001afa26f6160_0, 0, 25;
    %pushi/vec4 5, 0, 5;
    %store/vec4 v000001afa26f63e0_0, 0, 5;
    %jmp T_2.26;
T_2.6 ;
    %load/vec4 v000001afa26f6700_0;
    %ix/load 4, 6, 0;
    %flag_set/imm 4, 0;
    %shiftl 4;
    %store/vec4 v000001afa26f6160_0, 0, 25;
    %pushi/vec4 6, 0, 5;
    %store/vec4 v000001afa26f63e0_0, 0, 5;
    %jmp T_2.26;
T_2.7 ;
    %load/vec4 v000001afa26f6700_0;
    %ix/load 4, 7, 0;
    %flag_set/imm 4, 0;
    %shiftl 4;
    %store/vec4 v000001afa26f6160_0, 0, 25;
    %pushi/vec4 7, 0, 5;
    %store/vec4 v000001afa26f63e0_0, 0, 5;
    %jmp T_2.26;
T_2.8 ;
    %load/vec4 v000001afa26f6700_0;
    %ix/load 4, 8, 0;
    %flag_set/imm 4, 0;
    %shiftl 4;
    %store/vec4 v000001afa26f6160_0, 0, 25;
    %pushi/vec4 8, 0, 5;
    %store/vec4 v000001afa26f63e0_0, 0, 5;
    %jmp T_2.26;
T_2.9 ;
    %load/vec4 v000001afa26f6700_0;
    %ix/load 4, 9, 0;
    %flag_set/imm 4, 0;
    %shiftl 4;
    %store/vec4 v000001afa26f6160_0, 0, 25;
    %pushi/vec4 9, 0, 5;
    %store/vec4 v000001afa26f63e0_0, 0, 5;
    %jmp T_2.26;
T_2.10 ;
    %load/vec4 v000001afa26f6700_0;
    %ix/load 4, 10, 0;
    %flag_set/imm 4, 0;
    %shiftl 4;
    %store/vec4 v000001afa26f6160_0, 0, 25;
    %pushi/vec4 10, 0, 5;
    %store/vec4 v000001afa26f63e0_0, 0, 5;
    %jmp T_2.26;
T_2.11 ;
    %load/vec4 v000001afa26f6700_0;
    %ix/load 4, 11, 0;
    %flag_set/imm 4, 0;
    %shiftl 4;
    %store/vec4 v000001afa26f6160_0, 0, 25;
    %pushi/vec4 11, 0, 5;
    %store/vec4 v000001afa26f63e0_0, 0, 5;
    %jmp T_2.26;
T_2.12 ;
    %load/vec4 v000001afa26f6700_0;
    %ix/load 4, 12, 0;
    %flag_set/imm 4, 0;
    %shiftl 4;
    %store/vec4 v000001afa26f6160_0, 0, 25;
    %pushi/vec4 12, 0, 5;
    %store/vec4 v000001afa26f63e0_0, 0, 5;
    %jmp T_2.26;
T_2.13 ;
    %load/vec4 v000001afa26f6700_0;
    %ix/load 4, 13, 0;
    %flag_set/imm 4, 0;
    %shiftl 4;
    %store/vec4 v000001afa26f6160_0, 0, 25;
    %pushi/vec4 13, 0, 5;
    %store/vec4 v000001afa26f63e0_0, 0, 5;
    %jmp T_2.26;
T_2.14 ;
    %load/vec4 v000001afa26f6700_0;
    %ix/load 4, 14, 0;
    %flag_set/imm 4, 0;
    %shiftl 4;
    %store/vec4 v000001afa26f6160_0, 0, 25;
    %pushi/vec4 14, 0, 5;
    %store/vec4 v000001afa26f63e0_0, 0, 5;
    %jmp T_2.26;
T_2.15 ;
    %load/vec4 v000001afa26f6700_0;
    %ix/load 4, 15, 0;
    %flag_set/imm 4, 0;
    %shiftl 4;
    %store/vec4 v000001afa26f6160_0, 0, 25;
    %pushi/vec4 15, 0, 5;
    %store/vec4 v000001afa26f63e0_0, 0, 5;
    %jmp T_2.26;
T_2.16 ;
    %load/vec4 v000001afa26f6700_0;
    %ix/load 4, 16, 0;
    %flag_set/imm 4, 0;
    %shiftl 4;
    %store/vec4 v000001afa26f6160_0, 0, 25;
    %pushi/vec4 16, 0, 5;
    %store/vec4 v000001afa26f63e0_0, 0, 5;
    %jmp T_2.26;
T_2.17 ;
    %load/vec4 v000001afa26f6700_0;
    %ix/load 4, 17, 0;
    %flag_set/imm 4, 0;
    %shiftl 4;
    %store/vec4 v000001afa26f6160_0, 0, 25;
    %pushi/vec4 17, 0, 5;
    %store/vec4 v000001afa26f63e0_0, 0, 5;
    %jmp T_2.26;
T_2.18 ;
    %load/vec4 v000001afa26f6700_0;
    %ix/load 4, 18, 0;
    %flag_set/imm 4, 0;
    %shiftl 4;
    %store/vec4 v000001afa26f6160_0, 0, 25;
    %pushi/vec4 18, 0, 5;
    %store/vec4 v000001afa26f63e0_0, 0, 5;
    %jmp T_2.26;
T_2.19 ;
    %load/vec4 v000001afa26f6700_0;
    %ix/load 4, 19, 0;
    %flag_set/imm 4, 0;
    %shiftl 4;
    %store/vec4 v000001afa26f6160_0, 0, 25;
    %pushi/vec4 19, 0, 5;
    %store/vec4 v000001afa26f63e0_0, 0, 5;
    %jmp T_2.26;
T_2.20 ;
    %load/vec4 v000001afa26f6700_0;
    %ix/load 4, 20, 0;
    %flag_set/imm 4, 0;
    %shiftl 4;
    %store/vec4 v000001afa26f6160_0, 0, 25;
    %pushi/vec4 20, 0, 5;
    %store/vec4 v000001afa26f63e0_0, 0, 5;
    %jmp T_2.26;
T_2.21 ;
    %load/vec4 v000001afa26f6700_0;
    %ix/load 4, 21, 0;
    %flag_set/imm 4, 0;
    %shiftl 4;
    %store/vec4 v000001afa26f6160_0, 0, 25;
    %pushi/vec4 21, 0, 5;
    %store/vec4 v000001afa26f63e0_0, 0, 5;
    %jmp T_2.26;
T_2.22 ;
    %load/vec4 v000001afa26f6700_0;
    %ix/load 4, 22, 0;
    %flag_set/imm 4, 0;
    %shiftl 4;
    %store/vec4 v000001afa26f6160_0, 0, 25;
    %pushi/vec4 22, 0, 5;
    %store/vec4 v000001afa26f63e0_0, 0, 5;
    %jmp T_2.26;
T_2.23 ;
    %load/vec4 v000001afa26f6700_0;
    %ix/load 4, 23, 0;
    %flag_set/imm 4, 0;
    %shiftl 4;
    %store/vec4 v000001afa26f6160_0, 0, 25;
    %pushi/vec4 23, 0, 5;
    %store/vec4 v000001afa26f63e0_0, 0, 5;
    %jmp T_2.26;
T_2.24 ;
    %load/vec4 v000001afa26f6700_0;
    %ix/load 4, 24, 0;
    %flag_set/imm 4, 0;
    %shiftl 4;
    %store/vec4 v000001afa26f6160_0, 0, 25;
    %pushi/vec4 24, 0, 5;
    %store/vec4 v000001afa26f63e0_0, 0, 5;
    %jmp T_2.26;
T_2.26 ;
    %pop/vec4 1;
    %jmp T_2;
    .thread T_2, $push;
    .scope S_000001afa266ec90;
T_3 ;
    %wait E_000001afa26fdbc0;
    %load/vec4 v000001afa2763f20_0;
    %flag_set/vec4 8;
    %jmp/0xz  T_3.0, 8;
    %load/vec4 v000001afa2763c00_0;
    %flag_set/vec4 8;
    %jmp/0xz  T_3.2, 8;
    %load/vec4 v000001afa2763340_0;
    %load/vec4 v000001afa2763ac0_0;
    %pad/u 18;
    %ix/vec4 3;
    %ix/load 4, 0, 0; Constant delay
    %assign/vec4/a/d v000001afa27632a0, 0, 4;
    %jmp T_3.3;
T_3.2 ;
    %load/vec4 v000001afa2763ac0_0;
    %pad/u 18;
    %ix/vec4 4;
    %load/vec4a v000001afa27632a0, 4;
    %assign/vec4 v000001afa2762a80_0, 0;
T_3.3 ;
T_3.0 ;
    %jmp T_3;
    .thread T_3;
    .scope S_000001afa26c9340;
T_4 ;
    %pushi/vec4 0, 0, 32;
    %store/vec4 v000001afa2762760_0, 0, 32;
    %end;
    .thread T_4;
    .scope S_000001afa26c9340;
T_5 ;
    %wait E_000001afa26fdbc0;
    %load/vec4 v000001afa27635c0_0;
    %assign/vec4 v000001afa2762080_0, 0;
    %load/vec4 v000001afa2762e40_0;
    %assign/vec4 v000001afa2762760_0, 0;
    %load/vec4 v000001afa2762760_0;
    %assign/vec4 v000001afa2763d40_0, 0;
    %load/vec4 v000001afa2762620_0;
    %pad/u 32;
    %cmpi/u 12288, 0, 32;
    %flag_or 5, 4; GT is !LE
    %flag_inv 5;
    %jmp/0xz  T_5.0, 5;
    %load/vec4 v000001afa2762e40_0;
    %parti/s 1, 31, 6;
    %nor/r;
    %flag_set/vec4 8;
    %jmp/0xz  T_5.2, 8;
    %load/vec4 v000001afa2762e40_0;
    %assign/vec4 v000001afa2763160_0, 0;
    %pushi/vec4 1, 0, 1;
    %assign/vec4 v000001afa2763520_0, 0;
    %jmp T_5.3;
T_5.2 ;
    %pushi/vec4 0, 0, 32;
    %assign/vec4 v000001afa2763160_0, 0;
    %pushi/vec4 1, 0, 1;
    %store/vec4 v000001afa2763520_0, 0, 1;
T_5.3 ;
T_5.0 ;
    %jmp T_5;
    .thread T_5;
# The file index is used to find the file name in the following table.
:file_names 8;
    "N/A";
    "<interactive>";
    "NNRelu1.v";
    "./AdditionSubtraction.v";
    "./PriorityEncoder.v";
    "./FloatMul.v";
    "./BiasBRAM.v";
    "./WBRAM.v";
